info: ::1 - - [26/May/2022:10:46:14 +0000] "POST /api/v1/ HTTP/1.1" 404 47 "-" "PostmanRuntime/7.29.0"

info: ::1 - - [26/May/2022:10:46:19 +0000] "GET /api/v1/ HTTP/1.1" 200 9 "-" "PostmanRuntime/7.29.0"

info: ::1 - - [26/May/2022:11:20:08 +0000] "GET /api/v1/ HTTP/1.1" 200 14 "-" "PostmanRuntime/7.29.0"

info: ::1 - - [26/May/2022:11:20:31 +0000] "GET /api/v1/users HTTP/1.1" 200 40397 "-" "PostmanRuntime/7.29.0"

info: ::1 - - [26/May/2022:11:26:51 +0000] "POST /api/v1/users/newUser HTTP/1.1" 404 47 "-" "PostmanRuntime/7.29.0"

info: ::1 - - [26/May/2022:11:27:23 +0000] "POST /api/v1/users/newUser HTTP/1.1" 404 47 "-" "PostmanRuntime/7.29.0"

info: ::1 - - [26/May/2022:11:28:24 +0000] "GET /api/v1/users/newUser HTTP/1.1" 400 56 "-" "PostmanRuntime/7.29.0"

info: ::1 - - [26/May/2022:11:28:47 +0000] "GET /api/v1/users/newUser HTTP/1.1" 400 56 "-" "PostmanRuntime/7.29.0"

info: ::1 - - [26/May/2022:11:29:08 +0000] "GET /api/v1/users HTTP/1.1" 200 65 "-" "PostmanRuntime/7.29.0"

info: ::1 - - [26/May/2022:11:29:24 +0000] "POST /api/v1/users HTTP/1.1" 500 60 "-" "PostmanRuntime/7.29.0"

info: ::1 - - [26/May/2022:11:29:34 +0000] "POST /api/v1/users HTTP/1.1" 500 58 "-" "PostmanRuntime/7.29.0"

info: ::1 - - [26/May/2022:11:29:43 +0000] "POST /api/v1/users HTTP/1.1" 201 261 "-" "PostmanRuntime/7.29.0"

info: ::1 - - [26/May/2022:11:31:54 +0000] "POST /api/v1/users HTTP/1.1" 201 259 "-" "PostmanRuntime/7.29.0"

info: ::1 - - [26/May/2022:12:13:40 +0000] "GET /api/v1/users HTTP/1.1" 200 490 "-" "PostmanRuntime/7.29.0"

info: ::1 - - [26/May/2022:12:14:17 +0000] "GET /api/v1/users/login HTTP/1.1" 500 58 "-" "PostmanRuntime/7.29.0"

info: ::1 - - [26/May/2022:12:14:31 +0000] "GET /api/v1/users HTTP/1.1" 200 490 "-" "PostmanRuntime/7.29.0"

info: ::1 - - [26/May/2022:12:15:13 +0000] "GET /api/v1/users HTTP/1.1" 200 490 "-" "PostmanRuntime/7.29.0"

info: ::1 - - [26/May/2022:12:17:11 +0000] "GET /api/v1/users/login HTTP/1.1" 500 58 "-" "PostmanRuntime/7.29.0"

info: ::1 - - [26/May/2022:12:21:54 +0000] "GET /api/v1/users/login HTTP/1.1" 500 58 "-" "PostmanRuntime/7.29.0"

info: ::1 - - [26/May/2022:12:26:14 +0000] "GET /api/v1/users/login HTTP/1.1" 500 135 "-" "PostmanRuntime/7.29.0"

info: ::1 - - [26/May/2022:12:36:48 +0000] "GET /api/v1/users/login HTTP/1.1" 500 80 "-" "PostmanRuntime/7.29.0"

info: ::1 - - [26/May/2022:12:42:04 +0000] "GET /api/v1/users/login HTTP/1.1" 500 76 "-" "PostmanRuntime/7.29.0"

info: ::1 - - [26/May/2022:12:44:43 +0000] "GET /api/v1/users/login HTTP/1.1" 200 117 "-" "PostmanRuntime/7.29.0"

info: ::1 - - [26/May/2022:14:13:54 +0000] "GET /api/v1/users/login HTTP/1.1" 500 322 "-" "PostmanRuntime/7.29.0"

