info: ::1 - - [31/May/2022:18:35:12 +0000] "POST /api/v1/users/login HTTP/1.1" 200 203 "-" "PostmanRuntime/7.29.0"

info: ::1 - - [31/May/2022:18:41:56 +0000] "POST /api/v1/notes HTTP/1.1" 201 222 "-" "PostmanRuntime/7.29.0"

info: ::1 - - [31/May/2022:18:43:34 +0000] "POST /api/v1/notes HTTP/1.1" 201 222 "-" "PostmanRuntime/7.29.0"

info: ::1 - - [31/May/2022:18:44:29 +0000] "POST /api/v1/notes HTTP/1.1" 201 222 "-" "PostmanRuntime/7.29.0"

info: ::1 - - [31/May/2022:18:44:51 +0000] "POST /api/v1/notes HTTP/1.1" 201 222 "-" "PostmanRuntime/7.29.0"

info: ::1 - - [31/May/2022:18:45:31 +0000] "POST /api/v1/notes HTTP/1.1" 201 222 "-" "PostmanRuntime/7.29.0"

info: ::1 - - [31/May/2022:18:46:46 +0000] "POST /api/v1/notes HTTP/1.1" 201 222 "-" "PostmanRuntime/7.29.0"

info: ::1 - - [31/May/2022:18:48:44 +0000] "POST /api/v1/notes HTTP/1.1" 201 222 "-" "PostmanRuntime/7.29.0"

info: ::1 - - [31/May/2022:18:53:48 +0000] "POST /api/v1/notes HTTP/1.1" 201 222 "-" "PostmanRuntime/7.29.0"

info: ::1 - - [31/May/2022:18:58:27 +0000] "POST /api/v1/notes HTTP/1.1" 201 222 "-" "PostmanRuntime/7.29.0"

info: ::1 - - [31/May/2022:18:59:49 +0000] "POST /api/v1/users HTTP/1.1" 201 322 "-" "PostmanRuntime/7.29.0"

info: ::1 - - [31/May/2022:19:00:15 +0000] "POST /api/v1/users/login HTTP/1.1" 200 245 "-" "PostmanRuntime/7.29.0"

info: ::1 - - [31/May/2022:19:01:35 +0000] "POST /api/v1/notes HTTP/1.1" 201 224 "-" "PostmanRuntime/7.29.0"

info: ::1 - - [31/May/2022:19:04:29 +0000] "POST /api/v1/notes HTTP/1.1" 201 224 "-" "PostmanRuntime/7.29.0"

info: ::1 - - [31/May/2022:19:05:45 +0000] "POST /api/v1/notes HTTP/1.1" 500 56 "-" "PostmanRuntime/7.29.0"

info: ::1 - - [31/May/2022:19:06:22 +0000] "POST /api/v1/notes HTTP/1.1" 500 56 "-" "PostmanRuntime/7.29.0"

info: ::1 - - [01/Jun/2022:02:29:44 +0000] "POST /api/v1/notes HTTP/1.1" 500 56 "-" "PostmanRuntime/7.29.0"

info: ::1 - - [01/Jun/2022:02:46:43 +0000] "POST /api/v1/notes HTTP/1.1" 500 54 "-" "PostmanRuntime/7.29.0"

info: ::1 - - [01/Jun/2022:02:49:07 +0000] "POST /api/v1/notes HTTP/1.1" 201 224 "-" "PostmanRuntime/7.29.0"

info: ::1 - - [01/Jun/2022:02:51:37 +0000] "POST /api/v1/users HTTP/1.1" 201 321 "-" "PostmanRuntime/7.29.0"

info: ::1 - - [01/Jun/2022:02:51:57 +0000] "POST /api/v1/users/login HTTP/1.1" 200 243 "-" "PostmanRuntime/7.29.0"

info: ::1 - - [01/Jun/2022:02:53:46 +0000] "POST /api/v1/notes HTTP/1.1" 201 230 "-" "PostmanRuntime/7.29.0"

info: ::1 - - [01/Jun/2022:02:54:28 +0000] "POST /api/v1/notes HTTP/1.1" 201 226 "-" "PostmanRuntime/7.29.0"

info: ::1 - - [01/Jun/2022:02:55:01 +0000] "POST /api/v1/notes HTTP/1.1" 201 226 "-" "PostmanRuntime/7.29.0"

info: ::1 - - [01/Jun/2022:02:55:13 +0000] "GET /api/v1/notes HTTP/1.1" 200 404 "-" "PostmanRuntime/7.29.0"

info: ::1 - - [01/Jun/2022:03:03:30 +0000] "GET /api/v1/notes HTTP/1.1" 500 55 "-" "PostmanRuntime/7.29.0"

info: ::1 - - [01/Jun/2022:03:03:33 +0000] "GET /api/v1/notes HTTP/1.1" 500 55 "-" "PostmanRuntime/7.29.0"

info: ::1 - - [01/Jun/2022:03:05:04 +0000] "GET /api/v1/notes HTTP/1.1" 500 56 "-" "PostmanRuntime/7.29.0"

info: ::1 - - [01/Jun/2022:03:10:25 +0000] "GET /api/v1/notes HTTP/1.1" 200 404 "-" "PostmanRuntime/7.29.0"

info: ::1 - - [01/Jun/2022:03:11:35 +0000] "POST /api/v1/notes HTTP/1.1" 201 232 "-" "PostmanRuntime/7.29.0"

info: ::1 - - [01/Jun/2022:03:11:49 +0000] "GET /api/v1/notes HTTP/1.1" 200 240 "-" "PostmanRuntime/7.29.0"

info: ::1 - - [01/Jun/2022:03:12:07 +0000] "GET /api/v1/notes HTTP/1.1" 200 240 "-" "PostmanRuntime/7.29.0"

info: ::1 - - [01/Jun/2022:03:15:31 +0000] "GET /api/v1/notes HTTP/1.1" 200 240 "-" "PostmanRuntime/7.29.0"

info: ::1 - - [01/Jun/2022:03:16:17 +0000] "GET /api/v1/notes HTTP/1.1" 200 65 "-" "PostmanRuntime/7.29.0"

info: ::1 - - [01/Jun/2022:03:16:37 +0000] "POST /api/v1/notes HTTP/1.1" 201 234 "-" "PostmanRuntime/7.29.0"

info: ::1 - - [01/Jun/2022:03:18:03 +0000] "POST /api/v1/notes HTTP/1.1" 201 235 "-" "PostmanRuntime/7.29.0"

info: ::1 - - [01/Jun/2022:03:18:22 +0000] "GET /api/v1/notes HTTP/1.1" 200 243 "-" "PostmanRuntime/7.29.0"

info: ::1 - - [01/Jun/2022:03:37:38 +0000] "POST /api/v1/notes HTTP/1.1" 201 260 "-" "PostmanRuntime/7.29.0"

info: ::1 - - [01/Jun/2022:03:44:33 +0000] "GET /api/v1/notes HTTP/1.1" 200 268 "-" "PostmanRuntime/7.29.0"

info: ::1 - - [01/Jun/2022:05:44:31 +0000] "GET /api/v1/notes HTTP/1.1" 200 268 "-" "PostmanRuntime/7.29.0"

info: ::1 - - [01/Jun/2022:05:45:41 +0000] "POST /api/v1/notes HTTP/1.1" 201 248 "-" "PostmanRuntime/7.29.0"

info: ::1 - - [01/Jun/2022:05:46:08 +0000] "POST /api/v1/notes HTTP/1.1" 201 256 "-" "PostmanRuntime/7.29.0"

info: ::1 - - [01/Jun/2022:05:46:28 +0000] "GET /api/v1/notes HTTP/1.1" 200 264 "-" "PostmanRuntime/7.29.0"

info: ::1 - - [01/Jun/2022:05:51:36 +0000] "GET /api/v1/notes HTTP/1.1" 200 264 "-" "PostmanRuntime/7.29.0"

info: ::1 - - [01/Jun/2022:05:52:11 +0000] "PATCH /api/v1/notes/6296fd208977b72ca0fab067 HTTP/1.1" 404 47 "-" "PostmanRuntime/7.29.0"

info: ::1 - - [01/Jun/2022:05:52:18 +0000] "PUT /api/v1/notes/6296fd208977b72ca0fab067 HTTP/1.1" 202 255 "-" "PostmanRuntime/7.29.0"

info: ::1 - - [01/Jun/2022:05:52:31 +0000] "DELETE /api/v1/notes/6296fd208977b72ca0fab067 HTTP/1.1" 200 37 "-" "PostmanRuntime/7.29.0"

info: ::1 - - [01/Jun/2022:05:52:43 +0000] "GET /api/v1/notes HTTP/1.1" 200 65 "-" "PostmanRuntime/7.29.0"

info: ::1 - - [01/Jun/2022:05:55:55 +0000] "GET /api/v1/notes HTTP/1.1" 200 65 "-" "PostmanRuntime/7.29.0"

info: ::1 - - [01/Jun/2022:05:56:08 +0000] "POST /api/v1/notes HTTP/1.1" 201 254 "-" "PostmanRuntime/7.29.0"

info: ::1 - - [01/Jun/2022:05:56:14 +0000] "POST /api/v1/notes HTTP/1.1" 201 254 "-" "PostmanRuntime/7.29.0"

info: ::1 - - [01/Jun/2022:05:56:19 +0000] "POST /api/v1/notes HTTP/1.1" 201 254 "-" "PostmanRuntime/7.29.0"

info: ::1 - - [01/Jun/2022:05:56:26 +0000] "GET /api/v1/notes HTTP/1.1" 200 658 "-" "PostmanRuntime/7.29.0"

info: ::1 - - [01/Jun/2022:05:57:15 +0000] "POST /api/v1/notes HTTP/1.1" 201 260 "-" "PostmanRuntime/7.29.0"

info: ::1 - - [01/Jun/2022:05:57:21 +0000] "GET /api/v1/notes HTTP/1.1" 200 268 "-" "PostmanRuntime/7.29.0"

info: ::1 - - [01/Jun/2022:05:57:52 +0000] "POST /api/v1/notes HTTP/1.1" 201 248 "-" "PostmanRuntime/7.29.0"

info: ::1 - - [01/Jun/2022:05:58:09 +0000] "POST /api/v1/notes HTTP/1.1" 201 252 "-" "PostmanRuntime/7.29.0"

info: ::1 - - [01/Jun/2022:05:58:17 +0000] "GET /api/v1/notes HTTP/1.1" 200 260 "-" "PostmanRuntime/7.29.0"

info: ::1 - - [01/Jun/2022:05:58:38 +0000] "POST /api/v1/notes HTTP/1.1" 201 252 "-" "PostmanRuntime/7.29.0"

info: ::1 - - [01/Jun/2022:05:58:53 +0000] "POST /api/v1/notes HTTP/1.1" 201 252 "-" "PostmanRuntime/7.29.0"

info: ::1 - - [01/Jun/2022:05:58:59 +0000] "POST /api/v1/notes HTTP/1.1" 201 252 "-" "PostmanRuntime/7.29.0"

info: ::1 - - [01/Jun/2022:05:59:11 +0000] "GET /api/v1/notes HTTP/1.1" 200 848 "-" "PostmanRuntime/7.29.0"

info: ::1 - - [01/Jun/2022:06:01:08 +0000] "POST /api/v1/notes HTTP/1.1" 201 252 "-" "PostmanRuntime/7.29.0"

info: ::1 - - [01/Jun/2022:06:01:25 +0000] "POST /api/v1/notes HTTP/1.1" 201 248 "-" "PostmanRuntime/7.29.0"

info: ::1 - - [01/Jun/2022:06:01:36 +0000] "GET /api/v1/notes HTTP/1.1" 200 448 "-" "PostmanRuntime/7.29.0"

info: ::1 - - [01/Jun/2022:06:02:17 +0000] "POST /api/v1/notes HTTP/1.1" 201 252 "-" "PostmanRuntime/7.29.0"

info: ::1 - - [01/Jun/2022:06:02:45 +0000] "POST /api/v1/notes HTTP/1.1" 201 266 "-" "PostmanRuntime/7.29.0"

info: ::1 - - [01/Jun/2022:06:02:52 +0000] "GET /api/v1/notes HTTP/1.1" 200 274 "-" "PostmanRuntime/7.29.0"

info: ::1 - - [01/Jun/2022:06:13:32 +0000] "GET /api/v1/notes HTTP/1.1" 200 274 "-" "PostmanRuntime/7.29.0"

info: ::1 - - [01/Jun/2022:06:14:16 +0000] "PUT /api/v1/notes/629701057c84b841709ac90d HTTP/1.1" 202 267 "-" "PostmanRuntime/7.29.0"

info: ::1 - - [01/Jun/2022:06:15:41 +0000] "PUT /api/v1/notes/isArchive/629701057c84b841709ac90d HTTP/1.1" 404 47 "-" "PostmanRuntime/7.29.0"

info: ::1 - - [01/Jun/2022:06:16:01 +0000] "PUT /api/v1/notes/isArchived/629701057c84b841709ac90d HTTP/1.1" 404 47 "-" "PostmanRuntime/7.29.0"

info: ::1 - - [01/Jun/2022:06:16:35 +0000] "PUT /api/v1/notes/isArchived HTTP/1.1" 500 169 "-" "PostmanRuntime/7.29.0"

info: ::1 - - [01/Jun/2022:06:17:30 +0000] "GET /api/v1/notes/ HTTP/1.1" 200 274 "-" "PostmanRuntime/7.29.0"

info: ::1 - - [01/Jun/2022:06:18:14 +0000] "PUT /api/v1/notes/isArchived/629701057c84b841709ac90d HTTP/1.1" 404 47 "-" "PostmanRuntime/7.29.0"

info: ::1 - - [01/Jun/2022:06:19:49 +0000] "PUT /api/v1/notes/iarchieve/629701057c84b841709ac90d?_id=629701057c84b841709ac90d HTTP/1.1" 404 47 "-" "PostmanRuntime/7.29.0"

info: ::1 - - [01/Jun/2022:06:20:38 +0000] "PUT /api/v1/notes/archieve?_id=629701057c84b841709ac90d HTTP/1.1" 500 167 "-" "PostmanRuntime/7.29.0"

info: ::1 - - [01/Jun/2022:06:21:17 +0000] "PUT /api/v1/notes/archieve?_id=629701057c84b841709ac90d HTTP/1.1" 500 167 "-" "PostmanRuntime/7.29.0"

info: ::1 - - [01/Jun/2022:06:21:40 +0000] "PUT /api/v1/notes/inTrash?_id=629701057c84b841709ac90d HTTP/1.1" 500 166 "-" "PostmanRuntime/7.29.0"

info: ::1 - - [01/Jun/2022:06:27:28 +0000] "POST /api/v1/notes HTTP/1.1" 201 266 "-" "PostmanRuntime/7.29.0"

info: ::1 - - [01/Jun/2022:06:27:53 +0000] "GET /api/v1/notes HTTP/1.1" 200 484 "-" "PostmanRuntime/7.29.0"

info: ::1 - - [01/Jun/2022:06:28:17 +0000] "POST /api/v1/notes HTTP/1.1" 201 260 "-" "PostmanRuntime/7.29.0"

info: ::1 - - [01/Jun/2022:06:28:28 +0000] "GET /api/v1/notes HTTP/1.1" 200 268 "-" "PostmanRuntime/7.29.0"

info: ::1 - - [01/Jun/2022:06:28:46 +0000] "GET /api/v1/notes HTTP/1.1" 200 268 "-" "PostmanRuntime/7.29.0"

info: ::1 - - [01/Jun/2022:06:29:02 +0000] "GET /api/v1/notes HTTP/1.1" 200 268 "-" "PostmanRuntime/7.29.0"

info: ::1 - - [01/Jun/2022:06:29:37 +0000] "GET /api/v1/notes HTTP/1.1" 200 268 "-" "PostmanRuntime/7.29.0"

info: ::1 - - [01/Jun/2022:07:38:18 +0000] "POST /api/v1/notes HTTP/1.1" 201 260 "-" "PostmanRuntime/7.29.0"

info: ::1 - - [01/Jun/2022:07:39:32 +0000] "POST /api/v1/notes/629717687e521c404c3f242a HTTP/1.1" 404 47 "-" "PostmanRuntime/7.29.0"

info: ::1 - - [01/Jun/2022:07:39:39 +0000] "GET /api/v1/notes/629717687e521c404c3f242a HTTP/1.1" 200 248 "-" "PostmanRuntime/7.29.0"

info: ::1 - - [01/Jun/2022:07:42:17 +0000] "GET /api/v1/notes/archive/629717687e521c404c3f242a HTTP/1.1" 404 47 "-" "PostmanRuntime/7.29.0"

info: ::1 - - [01/Jun/2022:07:52:59 +0000] "GET /api/v1/notes HTTP/1.1" 200 472 "-" "PostmanRuntime/7.29.0"

info: ::1 - - [01/Jun/2022:07:53:41 +0000] "PUT /api/v1/notes/archive?_id=629707017e521c404c3f2424 HTTP/1.1" 500 166 "-" "PostmanRuntime/7.29.0"

info: ::1 - - [01/Jun/2022:07:55:46 +0000] "PUT /api/v1/notes/archive/629707017e521c404c3f2424 HTTP/1.1" 404 47 "-" "PostmanRuntime/7.29.0"

info: ::1 - - [01/Jun/2022:07:56:40 +0000] "PUT /api/v1/notes/archive/?_id=629707017e521c404c3f2424 HTTP/1.1" 500 166 "-" "PostmanRuntime/7.29.0"

info: ::1 - - [01/Jun/2022:07:57:24 +0000] "PUT /api/v1/notes/?_id=629707017e521c404c3f2424 HTTP/1.1" 404 47 "-" "PostmanRuntime/7.29.0"

info: ::1 - - [01/Jun/2022:07:58:24 +0000] "PUT /api/v1/notes?archive/:_id=629707017e521c404c3f2424 HTTP/1.1" 404 47 "-" "PostmanRuntime/7.29.0"

info: ::1 - - [01/Jun/2022:07:58:37 +0000] "PUT /api/v1/notes?archive/_id=629707017e521c404c3f2424 HTTP/1.1" 404 47 "-" "PostmanRuntime/7.29.0"

info: ::1 - - [01/Jun/2022:07:58:52 +0000] "PUT /api/v1/notes?archive_id=629707017e521c404c3f2424 HTTP/1.1" 404 47 "-" "PostmanRuntime/7.29.0"

info: ::1 - - [01/Jun/2022:07:59:02 +0000] "PUT /api/v1/notes?_id=629707017e521c404c3f2424 HTTP/1.1" 404 47 "-" "PostmanRuntime/7.29.0"

info: ::1 - - [01/Jun/2022:08:02:40 +0000] "PUT /api/v1/notes/archive/?_id=629707017e521c404c3f2424 HTTP/1.1" 500 166 "-" "PostmanRuntime/7.29.0"

info: ::1 - - [01/Jun/2022:08:04:33 +0000] "PUT /api/v1/notes/archive/?_id=629707017e521c404c3f2424 HTTP/1.1" 500 166 "-" "PostmanRuntime/7.29.0"

info: ::1 - - [01/Jun/2022:08:11:53 +0000] "PUT /api/v1/notes/archive/629707017e521c404c3f2424 HTTP/1.1" 404 47 "-" "PostmanRuntime/7.29.0"

info: ::1 - - [01/Jun/2022:08:12:44 +0000] "PUT /api/v1/notes/inTrash/629707017e521c404c3f2424 HTTP/1.1" 404 47 "-" "PostmanRuntime/7.29.0"

info: ::1 - - [01/Jun/2022:08:13:29 +0000] "PUT /api/v1/notes/inTrash/?_id=629707017e521c404c3f2424 HTTP/1.1" 500 166 "-" "PostmanRuntime/7.29.0"

info: ::1 - - [01/Jun/2022:08:14:21 +0000] "PUT /api/v1/notes/inTrash/?_id=629707017e521c404c3f2424 HTTP/1.1" 500 166 "-" "PostmanRuntime/7.29.0"

info: ::1 - - [01/Jun/2022:08:14:28 +0000] "PUT /api/v1/notes/inTrash/?_id=629707017e521c404c3f2424 HTTP/1.1" 500 166 "-" "PostmanRuntime/7.29.0"

info: ::1 - - [01/Jun/2022:08:17:39 +0000] "PUT /api/v1/notes/archive/?_id=629707017e521c404c3f2424 HTTP/1.1" 500 166 "-" "PostmanRuntime/7.29.0"

info: ::1 - - [01/Jun/2022:08:17:59 +0000] "GET /api/v1/notes HTTP/1.1" 200 3646 "-" "PostmanRuntime/7.29.0"

info: ::1 - - [01/Jun/2022:08:18:32 +0000] "PUT /api/v1/notes/archive?_id=6296df01dc5d971974ad786f HTTP/1.1" 500 166 "-" "PostmanRuntime/7.29.0"

info: ::1 - - [01/Jun/2022:08:18:52 +0000] "PUT /api/v1/notes/archive/?_id=6296df01dc5d971974ad786f HTTP/1.1" 500 166 "-" "PostmanRuntime/7.29.0"

info: ::1 - - [01/Jun/2022:08:21:13 +0000] "PUT /api/v1/notes/update/6296df01dc5d971974ad786f HTTP/1.1" 202 258 "-" "PostmanRuntime/7.29.0"

info: ::1 - - [01/Jun/2022:08:21:31 +0000] "PUT /api/v1/notes/archive/6296df01dc5d971974ad786f HTTP/1.1" 202 262 "-" "PostmanRuntime/7.29.0"

info: ::1 - - [01/Jun/2022:08:22:12 +0000] "PUT /api/v1/notes/archive/6296df01dc5d971974ad786f HTTP/1.1" 202 280 "-" "PostmanRuntime/7.29.0"

info: ::1 - - [01/Jun/2022:08:22:32 +0000] "PUT /api/v1/notes/inTrash/6296df01dc5d971974ad786f HTTP/1.1" 202 287 "-" "PostmanRuntime/7.29.0"

info: ::1 - - [01/Jun/2022:08:25:29 +0000] "PUT /api/v1/notes/inTrash/6296df01dc5d971974ad786f HTTP/1.1" 202 304 "-" "PostmanRuntime/7.29.0"

info: ::1 - - [01/Jun/2022:08:25:38 +0000] "PUT /api/v1/notes/inTrash/6296df01dc5d971974ad786f HTTP/1.1" 202 305 "-" "PostmanRuntime/7.29.0"

info: ::1 - - [01/Jun/2022:08:25:49 +0000] "PUT /api/v1/notes/archive/6296df01dc5d971974ad786f HTTP/1.1" 202 298 "-" "PostmanRuntime/7.29.0"

info: ::1 - - [01/Jun/2022:08:31:19 +0000] "PUT /api/v1/notes/archive/6296df01dc5d971974ad786f HTTP/1.1" 202 297 "-" "PostmanRuntime/7.29.0"

info: ::1 - - [01/Jun/2022:08:33:28 +0000] "PUT /api/v1/notes/isDeleted/6296df01dc5d971974ad786f HTTP/1.1" 404 47 "-" "PostmanRuntime/7.29.0"

info: ::1 - - [01/Jun/2022:08:33:50 +0000] "PUT /api/v1/notes/inTrash/6296df01dc5d971974ad786f HTTP/1.1" 202 304 "-" "PostmanRuntime/7.29.0"

info: ::1 - - [01/Jun/2022:08:41:42 +0000] "PUT /api/v1/notes/archive/6296df01dc5d971974ad786f HTTP/1.1" 202 299 "-" "PostmanRuntime/7.29.0"

info: ::1 - - [01/Jun/2022:08:44:11 +0000] "PUT /api/v1/notes/archive/6296df01dc5d971974ad786f HTTP/1.1" 202 298 "-" "PostmanRuntime/7.29.0"

info: ::1 - - [01/Jun/2022:08:49:36 +0000] "PUT /api/v1/notes/archive/6296df01dc5d971974ad786f HTTP/1.1" 500 57 "-" "PostmanRuntime/7.29.0"

info: ::1 - - [01/Jun/2022:08:52:19 +0000] "PUT /api/v1/notes/archive/6296df01dc5d971974ad786f HTTP/1.1" 202 67 "-" "PostmanRuntime/7.29.0"

info: ::1 - - [01/Jun/2022:08:52:34 +0000] "PUT /api/v1/notes/archive/6296df01dc5d971974ad786f HTTP/1.1" 202 67 "-" "PostmanRuntime/7.29.0"

info: ::1 - - [01/Jun/2022:08:52:38 +0000] "PUT /api/v1/notes/archive/6296df01dc5d971974ad786f HTTP/1.1" 202 67 "-" "PostmanRuntime/7.29.0"

info: ::1 - - [01/Jun/2022:08:52:40 +0000] "PUT /api/v1/notes/archive/6296df01dc5d971974ad786f HTTP/1.1" 202 67 "-" "PostmanRuntime/7.29.0"

info: ::1 - - [01/Jun/2022:08:54:08 +0000] "PUT /api/v1/notes/archive/6296df01dc5d971974ad786f HTTP/1.1" 202 299 "-" "PostmanRuntime/7.29.0"

info: ::1 - - [01/Jun/2022:08:54:16 +0000] "PUT /api/v1/notes/archive/6296df01dc5d971974ad786f HTTP/1.1" 202 299 "-" "PostmanRuntime/7.29.0"

info: ::1 - - [01/Jun/2022:08:54:22 +0000] "PUT /api/v1/notes/archive/6296df01dc5d971974ad786f HTTP/1.1" 202 299 "-" "PostmanRuntime/7.29.0"

info: ::1 - - [01/Jun/2022:09:02:47 +0000] "PUT /api/v1/notes/archive/6296df01dc5d971974ad786f HTTP/1.1" 202 299 "-" "PostmanRuntime/7.29.0"

info: ::1 - - [01/Jun/2022:09:02:53 +0000] "PUT /api/v1/notes/archive/6296df01dc5d971974ad786f HTTP/1.1" 202 298 "-" "PostmanRuntime/7.29.0"

info: ::1 - - [01/Jun/2022:09:06:57 +0000] "PUT /api/v1/notes/archive/6296df01dc5d971974ad786f HTTP/1.1" 202 301 "-" "PostmanRuntime/7.29.0"

info: ::1 - - [01/Jun/2022:09:07:42 +0000] "PUT /api/v1/notes/archive/6296df01dc5d971974ad786f HTTP/1.1" 202 300 "-" "PostmanRuntime/7.29.0"

info: ::1 - - [01/Jun/2022:09:07:53 +0000] "PUT /api/v1/notes/archive/6296df01dc5d971974ad786f HTTP/1.1" 202 301 "-" "PostmanRuntime/7.29.0"

info: ::1 - - [01/Jun/2022:09:07:58 +0000] "PUT /api/v1/notes/archive/6296df01dc5d971974ad786f HTTP/1.1" 202 300 "-" "PostmanRuntime/7.29.0"

info: ::1 - - [01/Jun/2022:09:08:51 +0000] "PUT /api/v1/notes/archive/6296df01dc5d971974ad786f HTTP/1.1" 202 301 "-" "PostmanRuntime/7.29.0"

info: ::1 - - [01/Jun/2022:09:08:58 +0000] "PUT /api/v1/notes/archive/6296df01dc5d971974ad786f HTTP/1.1" 202 298 "-" "PostmanRuntime/7.29.0"

info: ::1 - - [01/Jun/2022:09:09:21 +0000] "PUT /api/v1/notes/archive/6296df01dc5d971974ad786f HTTP/1.1" 202 301 "-" "PostmanRuntime/7.29.0"

info: ::1 - - [01/Jun/2022:09:48:32 +0000] "PUT /api/v1/notes/archive/6296df01dc5d971974ad786f HTTP/1.1" 500 88 "-" "PostmanRuntime/7.29.0"

info: ::1 - - [01/Jun/2022:09:52:23 +0000] "POST /api/v1/users HTTP/1.1" 201 322 "-" "PostmanRuntime/7.29.0"

info: ::1 - - [01/Jun/2022:09:52:45 +0000] "POST /api/v1/users/login HTTP/1.1" 200 245 "-" "PostmanRuntime/7.29.0"

info: ::1 - - [01/Jun/2022:09:54:32 +0000] "POST /api/v1/notes HTTP/1.1" 201 255 "-" "PostmanRuntime/7.29.0"

info: ::1 - - [01/Jun/2022:09:54:50 +0000] "POST /api/v1/notes HTTP/1.1" 201 261 "-" "PostmanRuntime/7.29.0"

info: ::1 - - [01/Jun/2022:09:55:25 +0000] "POST /api/v1/notes HTTP/1.1" 201 250 "-" "PostmanRuntime/7.29.0"

info: ::1 - - [01/Jun/2022:09:57:01 +0000] "GET /api/v1/notes HTTP/1.1" 200 258 "-" "PostmanRuntime/7.29.0"

info: ::1 - - [01/Jun/2022:10:04:53 +0000] "GET /api/v1/notes HTTP/1.1" 200 258 "-" "PostmanRuntime/7.29.0"

info: ::1 - - [01/Jun/2022:10:05:08 +0000] "GET /api/v1/notes HTTP/1.1" 200 3254 "-" "PostmanRuntime/7.29.0"

