info: ::1 - - [26/May/2022:18:37:25 +0000] "GET /api/v1/users/login HTTP/1.1" 200 117 "-" "PostmanRuntime/7.29.0"

info: ::1 - - [26/May/2022:19:03:14 +0000] "POST /api/v1/user HTTP/1.1" 404 47 "-" "PostmanRuntime/7.29.0"

info: ::1 - - [26/May/2022:19:03:58 +0000] "POST /api/v1/user HTTP/1.1" 404 47 "-" "PostmanRuntime/7.29.0"

info: ::1 - - [26/May/2022:19:05:04 +0000] "POST /api/v1/user/newUser HTTP/1.1" 404 47 "-" "PostmanRuntime/7.29.0"

info: ::1 - - [26/May/2022:19:06:53 +0000] "GET /api/v1/ HTTP/1.1" 200 14 "-" "PostmanRuntime/7.29.0"

info: ::1 - - [26/May/2022:19:07:12 +0000] "GET /api/v1/users HTTP/1.1" 200 490 "-" "PostmanRuntime/7.29.0"

info: ::1 - - [26/May/2022:19:07:26 +0000] "GET /api/v1/users/newUser HTTP/1.1" 404 47 "-" "PostmanRuntime/7.29.0"

info: ::1 - - [26/May/2022:19:09:06 +0000] "GET /api/v1/users/create HTTP/1.1" 404 47 "-" "PostmanRuntime/7.29.0"

info: ::1 - - [26/May/2022:19:12:53 +0000] "GET /api/v1/ HTTP/1.1" 200 14 "-" "PostmanRuntime/7.29.0"

info: ::1 - - [26/May/2022:19:13:02 +0000] "GET /api/v1/users HTTP/1.1" 200 490 "-" "PostmanRuntime/7.29.0"

info: ::1 - - [26/May/2022:19:17:08 +0000] "GET /api/v1/users HTTP/1.1" 200 490 "-" "PostmanRuntime/7.29.0"

info: ::1 - - [26/May/2022:19:17:47 +0000] "GET /api/v1/users/login HTTP/1.1" 200 116 "-" "PostmanRuntime/7.29.0"

info: ::1 - - [26/May/2022:19:18:30 +0000] "POST /api/v1/users/create HTTP/1.1" 500 60 "-" "PostmanRuntime/7.29.0"

info: ::1 - - [26/May/2022:19:19:48 +0000] "POST /api/v1/users/create HTTP/1.1" 201 260 "-" "PostmanRuntime/7.29.0"

info: ::1 - - [26/May/2022:19:20:48 +0000] "POST /api/v1/users/create HTTP/1.1" 201 256 "-" "PostmanRuntime/7.29.0"

info: ::1 - - [26/May/2022:19:22:52 +0000] "POST /api/v1/login HTTP/1.1" 404 47 "-" "PostmanRuntime/7.29.0"

info: ::1 - - [27/May/2022:02:36:27 +0000] "POST /api/v1/users HTTP/1.1" 404 47 "-" "PostmanRuntime/7.29.0"

info: ::1 - - [27/May/2022:02:37:24 +0000] "POST /api/v1/users HTTP/1.1" 404 47 "-" "PostmanRuntime/7.29.0"

info: ::1 - - [27/May/2022:02:37:48 +0000] "POST /api/v1/users/create HTTP/1.1" 201 254 "-" "PostmanRuntime/7.29.0"

info: ::1 - - [27/May/2022:02:38:51 +0000] "POST /api/v1/users/create HTTP/1.1" 500 64 "-" "PostmanRuntime/7.29.0"

info: ::1 - - [27/May/2022:02:41:03 +0000] "POST /api/v1/users/create HTTP/1.1" 201 254 "-" "PostmanRuntime/7.29.0"

info: ::1 - - [27/May/2022:02:41:50 +0000] "POST /api/v1/users/create HTTP/1.1" 201 254 "-" "PostmanRuntime/7.29.0"

info: ::1 - - [27/May/2022:02:47:19 +0000] "GET /api/v1/users/login HTTP/1.1" 500 225 "-" "PostmanRuntime/7.29.0"

info: ::1 - - [27/May/2022:02:47:32 +0000] "GET /api/v1/users/login HTTP/1.1" 500 174 "-" "PostmanRuntime/7.29.0"

info: ::1 - - [27/May/2022:02:52:26 +0000] "GET /api/v1/users/login HTTP/1.1" 500 174 "-" "PostmanRuntime/7.29.0"

info: ::1 - - [27/May/2022:03:02:49 +0000] "GET /api/v1/users/login HTTP/1.1" 200 268 "-" "PostmanRuntime/7.29.0"

info: ::1 - - [27/May/2022:03:34:49 +0000] "POST /api/v1/users/create HTTP/1.1" 500 60 "-" "PostmanRuntime/7.29.0"

info: ::1 - - [27/May/2022:04:05:28 +0000] "POST /api/v1/users HTTP/1.1" 500 60 "-" "PostmanRuntime/7.29.0"

info: ::1 - - [27/May/2022:04:05:36 +0000] "GET /api/v1/users HTTP/1.1" 500 76 "-" "PostmanRuntime/7.29.0"

info: ::1 - - [27/May/2022:04:07:35 +0000] "GET /api/v1/users HTTP/1.1" 200 1533 "-" "PostmanRuntime/7.29.0"

info: ::1 - - [27/May/2022:04:08:11 +0000] "POST /api/v1/users HTTP/1.1" 500 89 "-" "PostmanRuntime/7.29.0"

info: ::1 - - [27/May/2022:04:10:07 +0000] "GET /api/v1/users HTTP/1.1" 200 1533 "-" "PostmanRuntime/7.29.0"

info: ::1 - - [27/May/2022:07:58:18 +0000] "GET /api/v1/ HTTP/1.1" 200 14 "-" "PostmanRuntime/7.29.0"

info: ::1 - - [27/May/2022:07:58:35 +0000] "GET /api/v1/users HTTP/1.1" 200 1533 "-" "PostmanRuntime/7.29.0"

info: ::1 - - [27/May/2022:08:12:20 +0000] "POST /api/v1/users HTTP/1.1" 400 50 "-" "PostmanRuntime/7.29.0"

info: ::1 - - [27/May/2022:08:56:34 +0000] "POST /api/v1/users HTTP/1.1" 400 50 "-" "PostmanRuntime/7.29.0"

info: ::1 - - [27/May/2022:08:58:23 +0000] "POST /api/v1/users HTTP/1.1" 400 50 "-" "PostmanRuntime/7.29.0"

info: ::1 - - [27/May/2022:08:58:31 +0000] "POST /api/v1/users HTTP/1.1" 400 50 "-" "PostmanRuntime/7.29.0"

info: ::1 - - [27/May/2022:08:59:14 +0000] "POST /api/v1/users HTTP/1.1" 400 50 "-" "PostmanRuntime/7.29.0"

info: ::1 - - [27/May/2022:09:02:23 +0000] "POST /api/v1/users HTTP/1.1" 400 50 "-" "PostmanRuntime/7.29.0"

info: ::1 - - [27/May/2022:09:03:56 +0000] "POST /api/v1/users HTTP/1.1" 400 60 "-" "PostmanRuntime/7.29.0"

info: ::1 - - [27/May/2022:09:04:18 +0000] "POST /api/v1/users HTTP/1.1" 400 60 "-" "PostmanRuntime/7.29.0"

info: ::1 - - [27/May/2022:09:05:52 +0000] "POST /api/v1/users HTTP/1.1" 400 60 "-" "PostmanRuntime/7.29.0"

info: ::1 - - [27/May/2022:09:05:58 +0000] "POST /api/v1/users HTTP/1.1" 400 60 "-" "PostmanRuntime/7.29.0"

info: ::1 - - [27/May/2022:09:23:51 +0000] "POST /api/v1/users HTTP/1.1" 400 64 "-" "PostmanRuntime/7.29.0"

info: ::1 - - [27/May/2022:10:14:35 +0000] "POST /api/v1/users HTTP/1.1" 400 50 "-" "PostmanRuntime/7.29.0"

info: ::1 - - [27/May/2022:10:15:53 +0000] "POST /api/v1/users HTTP/1.1" 201 272 "-" "PostmanRuntime/7.29.0"

info: ::1 - - [27/May/2022:12:46:13 +0000] "POST /api/v1/users HTTP/1.1" 201 323 "-" "PostmanRuntime/7.29.0"

info: ::1 - - [27/May/2022:12:47:54 +0000] "POST /api/v1/users HTTP/1.1" 400 50 "-" "PostmanRuntime/7.29.0"

info: ::1 - - [27/May/2022:12:51:27 +0000] "POST /api/v1/users HTTP/1.1" 201 324 "-" "PostmanRuntime/7.29.0"

