info: ::1 - - [01/Jun/2022:18:32:23 +0000] "PUT /api/v1/notes/archive/6296ffbaccd09524b4ae183a HTTP/1.1" 500 88 "-" "PostmanRuntime/7.29.0"

info: ::1 - - [01/Jun/2022:18:36:03 +0000] "PUT /api/v1/notes/archive/6296ffbaccd09524b4ae183a HTTP/1.1" 500 88 "-" "PostmanRuntime/7.29.0"

info: ::1 - - [01/Jun/2022:18:36:27 +0000] "PUT /api/v1/notes/inTrash/6296ffbaccd09524b4ae183a HTTP/1.1" 500 87 "-" "PostmanRuntime/7.29.0"

info: ::1 - - [01/Jun/2022:18:40:53 +0000] "PUT /api/v1/notes/inTrash/6296ffbaccd09524b4ae183a HTTP/1.1" 500 92 "-" "PostmanRuntime/7.29.0"

info: ::1 - - [01/Jun/2022:18:44:28 +0000] "PUT /api/v1/notes/inTrash/6296ffbaccd09524b4ae183a HTTP/1.1" 500 87 "-" "PostmanRuntime/7.29.0"

info: ::1 - - [01/Jun/2022:18:50:55 +0000] "PUT /api/v1/notes/inTrash/6296ffbaccd09524b4ae183a HTTP/1.1" 500 87 "-" "PostmanRuntime/7.29.0"

info: ::1 - - [01/Jun/2022:18:51:25 +0000] "PUT /api/v1/notes/archive/6296ffbaccd09524b4ae183a HTTP/1.1" 500 122 "-" "PostmanRuntime/7.29.0"

info: ::1 - - [01/Jun/2022:18:54:58 +0000] "PUT /api/v1/notes/archive/6296ffbaccd09524b4ae183a HTTP/1.1" 500 88 "-" "PostmanRuntime/7.29.0"

info: ::1 - - [01/Jun/2022:18:56:31 +0000] "PUT /api/v1/notes/archive/6296ffbaccd09524b4ae183a HTTP/1.1" 500 60 "-" "PostmanRuntime/7.29.0"

info: ::1 - - [01/Jun/2022:19:02:21 +0000] "PUT /api/v1/notes/archive/6296ffbaccd09524b4ae183a HTTP/1.1" 500 87 "-" "PostmanRuntime/7.29.0"

info: ::1 - - [01/Jun/2022:19:02:39 +0000] "PUT /api/v1/notes/inTrash/6296ffbaccd09524b4ae183a HTTP/1.1" 500 87 "-" "PostmanRuntime/7.29.0"

info: ::1 - - [01/Jun/2022:19:11:33 +0000] "PUT /api/v1/notes/inTrash/6296ffbaccd09524b4ae183a HTTP/1.1" 500 87 "-" "PostmanRuntime/7.29.0"

info: ::1 - - [01/Jun/2022:19:15:44 +0000] "PUT /api/v1/notes/inTrash/6296ffbaccd09524b4ae183a HTTP/1.1" 500 87 "-" "PostmanRuntime/7.29.0"

info: ::1 - - [01/Jun/2022:19:15:50 +0000] "PUT /api/v1/notes/inTrash/6296ffbaccd09524b4ae183a HTTP/1.1" 500 87 "-" "PostmanRuntime/7.29.0"

info: ::1 - - [01/Jun/2022:19:16:22 +0000] "GET /api/v1/notes/ HTTP/1.1" 200 3254 "-" "PostmanRuntime/7.29.0"

info: ::1 - - [01/Jun/2022:19:16:49 +0000] "GET /api/v1/notes/archive/6296ffbaccd09524b4ae183a HTTP/1.1" 404 47 "-" "PostmanRuntime/7.29.0"

info: ::1 - - [01/Jun/2022:19:16:59 +0000] "PUT /api/v1/notes/archive/6296ffbaccd09524b4ae183a HTTP/1.1" 500 88 "-" "PostmanRuntime/7.29.0"

info: ::1 - - [01/Jun/2022:19:19:05 +0000] "PUT /api/v1/notes/archive/6296ffbaccd09524b4ae183a HTTP/1.1" 500 88 "-" "PostmanRuntime/7.29.0"

info: ::1 - - [01/Jun/2022:19:22:56 +0000] "PUT /api/v1/users/login HTTP/1.1" 404 47 "-" "PostmanRuntime/7.29.0"

info: ::1 - - [01/Jun/2022:19:23:16 +0000] "POST /api/v1/users/login HTTP/1.1" 200 245 "-" "PostmanRuntime/7.29.0"

info: ::1 - - [01/Jun/2022:19:24:08 +0000] "GET /api/v1/notes HTTP/1.1" 200 3254 "-" "PostmanRuntime/7.29.0"

info: ::1 - - [01/Jun/2022:19:24:41 +0000] "GET /api/v1/notes/isArchived/6296ffbaccd09524b4ae183a HTTP/1.1" 404 47 "-" "PostmanRuntime/7.29.0"

info: ::1 - - [01/Jun/2022:19:24:50 +0000] "PUT /api/v1/notes/isArchived/6296ffbaccd09524b4ae183a HTTP/1.1" 500 88 "-" "PostmanRuntime/7.29.0"

info: ::1 - - [01/Jun/2022:19:28:16 +0000] "PUT /api/v1/notes/archive/6296ffbaccd09524b4ae183a HTTP/1.1" 500 54 "-" "PostmanRuntime/7.29.0"

info: ::1 - - [01/Jun/2022:19:29:26 +0000] "PUT /api/v1/notes/archive/6296ffbaccd09524b4ae183a HTTP/1.1" 500 88 "-" "PostmanRuntime/7.29.0"

info: ::1 - - [01/Jun/2022:19:31:54 +0000] "POST /api/v1/users HTTP/1.1" 201 320 "-" "PostmanRuntime/7.29.0"

info: ::1 - - [01/Jun/2022:19:32:10 +0000] "POST /api/v1/users/login HTTP/1.1" 200 243 "-" "PostmanRuntime/7.29.0"

info: ::1 - - [01/Jun/2022:19:33:19 +0000] "POST /api/v1/notes HTTP/1.1" 201 252 "-" "PostmanRuntime/7.29.0"

info: ::1 - - [01/Jun/2022:19:33:38 +0000] "POST /api/v1/notes HTTP/1.1" 201 258 "-" "PostmanRuntime/7.29.0"

info: ::1 - - [01/Jun/2022:19:33:51 +0000] "GET /api/v1/notes HTTP/1.1" 200 3652 "-" "PostmanRuntime/7.29.0"

info: ::1 - - [01/Jun/2022:19:35:03 +0000] "GET /api/v1/notes/inTrash/6297befe0784b40b803fed8a HTTP/1.1" 404 47 "-" "PostmanRuntime/7.29.0"

info: ::1 - - [01/Jun/2022:19:35:13 +0000] "PUT /api/v1/notes/inTrash/6297befe0784b40b803fed8a HTTP/1.1" 202 263 "-" "PostmanRuntime/7.29.0"

info: ::1 - - [01/Jun/2022:19:35:34 +0000] "PUT /api/v1/notes/archive/6297befe0784b40b803fed8a HTTP/1.1" 202 273 "-" "PostmanRuntime/7.29.0"

info: ::1 - - [01/Jun/2022:19:36:34 +0000] "PUT /api/v1/notes/archive/6297befe0784b40b803fed8a HTTP/1.1" 202 292 "-" "PostmanRuntime/7.29.0"

info: ::1 - - [02/Jun/2022:01:58:28 +0000] "POST /api/v1/users HTTP/1.1" 400 50 "-" "PostmanRuntime/7.29.0"

info: ::1 - - [02/Jun/2022:01:58:51 +0000] "POST /api/v1/users HTTP/1.1" 201 323 "-" "PostmanRuntime/7.29.0"

info: ::1 - - [02/Jun/2022:01:59:13 +0000] "POST /api/v1/users/login HTTP/1.1" 200 245 "-" "PostmanRuntime/7.29.0"

info: ::1 - - [02/Jun/2022:02:00:28 +0000] "GET /api/v1/notes HTTP/1.1" 200 3688 "-" "PostmanRuntime/7.29.0"

info: ::1 - - [02/Jun/2022:02:02:21 +0000] "POST /api/v1/notes HTTP/1.1" 201 253 "-" "PostmanRuntime/7.29.0"

info: ::1 - - [02/Jun/2022:02:03:06 +0000] "POST /api/v1/notes/archive/62981a2c6aec4f15143156ab HTTP/1.1" 404 47 "-" "PostmanRuntime/7.29.0"

info: ::1 - - [02/Jun/2022:02:03:17 +0000] "PUT /api/v1/notes/archive/62981a2c6aec4f15143156ab HTTP/1.1" 500 60 "-" "PostmanRuntime/7.29.0"

info: ::1 - - [02/Jun/2022:02:08:47 +0000] "PUT /api/v1/notes/archive/62981a2c6aec4f15143156ab HTTP/1.1" 202 258 "-" "PostmanRuntime/7.29.0"

info: ::1 - - [02/Jun/2022:02:42:39 +0000] "PUT /api/v1/notes/archive/62981a2c6aec4f15143156ab HTTP/1.1" 500 88 "-" "PostmanRuntime/7.29.0"

info: ::1 - - [02/Jun/2022:02:49:13 +0000] "POST /api/v1/notes HTTP/1.1" 201 253 "-" "PostmanRuntime/7.29.0"

info: ::1 - - [02/Jun/2022:02:49:36 +0000] "POST /api/v1/notes/archive/62982528f7a01d4360aa8e6e HTTP/1.1" 404 47 "-" "PostmanRuntime/7.29.0"

info: ::1 - - [02/Jun/2022:02:49:48 +0000] "PUT /api/v1/notes/archive/62982528f7a01d4360aa8e6e HTTP/1.1" 202 258 "-" "PostmanRuntime/7.29.0"

info: ::1 - - [02/Jun/2022:02:56:11 +0000] "PUT /api/v1/notes/archive/62982528f7a01d4360aa8e6e HTTP/1.1" 202 258 "-" "PostmanRuntime/7.29.0"

info: ::1 - - [02/Jun/2022:02:58:03 +0000] "PUT /api/v1/notes/archive/62982528f7a01d4360aa8e6e HTTP/1.1" 202 276 "-" "PostmanRuntime/7.29.0"

info: ::1 - - [02/Jun/2022:03:00:53 +0000] "PUT /api/v1/notes/inTrash/62982528f7a01d4360aa8e6e HTTP/1.1" 202 282 "-" "PostmanRuntime/7.29.0"

info: ::1 - - [02/Jun/2022:03:01:07 +0000] "PUT /api/v1/notes/inTrash/62982528f7a01d4360aa8e6e HTTP/1.1" 202 299 "-" "PostmanRuntime/7.29.0"

