info: ::1 - - [03/Jun/2022:19:01:55 +0000] "GET /api/v1//api-docs HTTP/1.1" 404 47 "-" "Mozilla/5.0 (Windows NT 10.0; Win64; x64) AppleWebKit/537.36 (KHTML, like Gecko) Chrome/102.0.5005.63 Safari/537.36 Edg/102.0.1245.30"

info: ::1 - - [03/Jun/2022:19:03:11 +0000] "GET /api/v1//api-docs HTTP/1.1" 404 47 "-" "Mozilla/5.0 (Windows NT 10.0; Win64; x64) AppleWebKit/537.36 (KHTML, like Gecko) Chrome/102.0.5005.63 Safari/537.36 Edg/102.0.1245.30"

info: ::1 - - [03/Jun/2022:19:03:14 +0000] "GET /api/v1//api-docs HTTP/1.1" 404 47 "-" "Mozilla/5.0 (Windows NT 10.0; Win64; x64) AppleWebKit/537.36 (KHTML, like Gecko) Chrome/102.0.5005.63 Safari/537.36 Edg/102.0.1245.30"

info: ::1 - - [03/Jun/2022:19:03:17 +0000] "GET /api/v1//api-docs HTTP/1.1" 404 47 "-" "Mozilla/5.0 (Windows NT 10.0; Win64; x64) AppleWebKit/537.36 (KHTML, like Gecko) Chrome/102.0.5005.63 Safari/537.36 Edg/102.0.1245.30"

info: ::1 - - [03/Jun/2022:19:03:29 +0000] "GET /api/v1//api-docs HTTP/1.1" 404 47 "-" "Mozilla/5.0 (Windows NT 10.0; Win64; x64) AppleWebKit/537.36 (KHTML, like Gecko) Chrome/102.0.5005.63 Safari/537.36 Edg/102.0.1245.30"

info: ::1 - - [03/Jun/2022:19:03:38 +0000] "GET /api/v1//api-docs HTTP/1.1" 404 47 "-" "Mozilla/5.0 (Windows NT 10.0; Win64; x64) AppleWebKit/537.36 (KHTML, like Gecko) Chrome/102.0.5005.63 Safari/537.36 Edg/102.0.1245.30"

info: ::1 - - [03/Jun/2022:19:05:29 +0000] "GET /api/v1/api-docs HTTP/1.1" 404 47 "-" "Mozilla/5.0 (Windows NT 10.0; Win64; x64) AppleWebKit/537.36 (KHTML, like Gecko) Chrome/102.0.5005.63 Safari/537.36 Edg/102.0.1245.30"

info: ::1 - - [03/Jun/2022:19:05:53 +0000] "GET /api/v1/api-docs HTTP/1.1" 404 47 "-" "Mozilla/5.0 (Windows NT 10.0; Win64; x64) AppleWebKit/537.36 (KHTML, like Gecko) Chrome/102.0.5005.63 Safari/537.36 Edg/102.0.1245.30"

info: ::1 - - [03/Jun/2022:19:12:19 +0000] "GET /api-docs HTTP/1.1" 301 183 "-" "Mozilla/5.0 (Windows NT 10.0; Win64; x64) AppleWebKit/537.36 (KHTML, like Gecko) Chrome/102.0.5005.63 Safari/537.36 Edg/102.0.1245.30"

info: ::1 - - [03/Jun/2022:19:12:20 +0000] "GET /api-docs/ HTTP/1.1" 200 3103 "-" "Mozilla/5.0 (Windows NT 10.0; Win64; x64) AppleWebKit/537.36 (KHTML, like Gecko) Chrome/102.0.5005.63 Safari/537.36 Edg/102.0.1245.30"

info: ::1 - - [03/Jun/2022:19:12:20 +0000] "GET /api-docs/swagger-ui-init.js HTTP/1.1" 200 11062 "-" "Mozilla/5.0 (Windows NT 10.0; Win64; x64) AppleWebKit/537.36 (KHTML, like Gecko) Chrome/102.0.5005.63 Safari/537.36 Edg/102.0.1245.30"

info: ::1 - - [03/Jun/2022:19:12:20 +0000] "GET /api-docs/swagger-ui-standalone-preset.js HTTP/1.1" 200 339540 "-" "Mozilla/5.0 (Windows NT 10.0; Win64; x64) AppleWebKit/537.36 (KHTML, like Gecko) Chrome/102.0.5005.63 Safari/537.36 Edg/102.0.1245.30"

info: ::1 - - [03/Jun/2022:19:12:20 +0000] "GET /api-docs/swagger-ui.css HTTP/1.1" 200 143980 "-" "Mozilla/5.0 (Windows NT 10.0; Win64; x64) AppleWebKit/537.36 (KHTML, like Gecko) Chrome/102.0.5005.63 Safari/537.36 Edg/102.0.1245.30"

info: ::1 - - [03/Jun/2022:19:12:20 +0000] "GET /api-docs/swagger-ui-bundle.js HTTP/1.1" 200 1096221 "-" "Mozilla/5.0 (Windows NT 10.0; Win64; x64) AppleWebKit/537.36 (KHTML, like Gecko) Chrome/102.0.5005.63 Safari/537.36 Edg/102.0.1245.30"

info: ::1 - - [03/Jun/2022:19:12:23 +0000] "GET /api-docs/favicon-32x32.png HTTP/1.1" 200 628 "-" "Mozilla/5.0 (Windows NT 10.0; Win64; x64) AppleWebKit/537.36 (KHTML, like Gecko) Chrome/102.0.5005.63 Safari/537.36 Edg/102.0.1245.30"

info: ::1 - - [03/Jun/2022:19:24:37 +0000] "GET /api/v1notes/getById/%7BnodeId%7D HTTP/1.1" 404 47 "-" "Mozilla/5.0 (Windows NT 10.0; Win64; x64) AppleWebKit/537.36 (KHTML, like Gecko) Chrome/102.0.5005.63 Safari/537.36 Edg/102.0.1245.30"

info: ::1 - - [03/Jun/2022:19:37:32 +0000] "POST /api/v1/users/resetPassword HTTP/1.1" 500 52 "-" "PostmanRuntime/7.29.0"

info: ::1 - - [03/Jun/2022:19:45:46 +0000] "POST /api/v1/users/resetPassword HTTP/1.1" 500 52 "-" "PostmanRuntime/7.29.0"

info: ::1 - - [03/Jun/2022:19:48:21 +0000] "POST /api/v1/users/resetPassword HTTP/1.1" 500 52 "-" "PostmanRuntime/7.29.0"

info: ::1 - - [03/Jun/2022:19:49:45 +0000] "POST /api/v1/users/resetPassword HTTP/1.1" 500 52 "-" "PostmanRuntime/7.29.0"

info: ::1 - - [03/Jun/2022:19:49:59 +0000] "POST /api/v1/users/resetPassword HTTP/1.1" 500 52 "-" "PostmanRuntime/7.29.0"

info: ::1 - - [03/Jun/2022:19:53:00 +0000] "POST /api/v1/users/resetPassword HTTP/1.1" 500 52 "-" "PostmanRuntime/7.29.0"

info: ::1 - - [03/Jun/2022:19:56:40 +0000] "POST /api/v1/users/resetPassword HTTP/1.1" 500 52 "-" "PostmanRuntime/7.29.0"

info: ::1 - - [04/Jun/2022:02:08:31 +0000] "GET /api-docs/ HTTP/1.1" 304 - "-" "Mozilla/5.0 (Windows NT 10.0; Win64; x64) AppleWebKit/537.36 (KHTML, like Gecko) Chrome/102.0.5005.63 Safari/537.36 Edg/102.0.1245.30"

info: ::1 - - [04/Jun/2022:02:08:31 +0000] "GET /api-docs/swagger-ui.css HTTP/1.1" 304 - "-" "Mozilla/5.0 (Windows NT 10.0; Win64; x64) AppleWebKit/537.36 (KHTML, like Gecko) Chrome/102.0.5005.63 Safari/537.36 Edg/102.0.1245.30"

info: ::1 - - [04/Jun/2022:02:08:32 +0000] "GET /api-docs/swagger-ui-standalone-preset.js HTTP/1.1" 304 - "-" "Mozilla/5.0 (Windows NT 10.0; Win64; x64) AppleWebKit/537.36 (KHTML, like Gecko) Chrome/102.0.5005.63 Safari/537.36 Edg/102.0.1245.30"

info: ::1 - - [04/Jun/2022:02:08:32 +0000] "GET /api-docs/swagger-ui-bundle.js HTTP/1.1" 304 - "-" "Mozilla/5.0 (Windows NT 10.0; Win64; x64) AppleWebKit/537.36 (KHTML, like Gecko) Chrome/102.0.5005.63 Safari/537.36 Edg/102.0.1245.30"

info: ::1 - - [04/Jun/2022:02:08:32 +0000] "GET /api-docs/swagger-ui-init.js HTTP/1.1" 304 - "-" "Mozilla/5.0 (Windows NT 10.0; Win64; x64) AppleWebKit/537.36 (KHTML, like Gecko) Chrome/102.0.5005.63 Safari/537.36 Edg/102.0.1245.30"

info: ::1 - - [04/Jun/2022:02:13:01 +0000] "POST /api/v1/users HTTP/1.1" 201 322 "-" "PostmanRuntime/7.29.0"

info: ::1 - - [04/Jun/2022:02:13:28 +0000] "POST /api/v1/users/login HTTP/1.1" 200 245 "-" "PostmanRuntime/7.29.0"

info: ::1 - - [04/Jun/2022:02:24:27 +0000] "POST /api/v1/users/forgotPassword/6298ccb5a300fa3a587f9781 HTTP/1.1" 202 258 "-" "PostmanRuntime/7.29.0"

info: ::1 - - [04/Jun/2022:02:26:15 +0000] "POST /api/v1/users/forgotPassword/6298ccb5a300fa3a587f9781 HTTP/1.1" 500 52 "-" "PostmanRuntime/7.29.0"

info: ::1 - - [04/Jun/2022:02:27:40 +0000] "POST /api/v1/users/forgotPassword/6298ccb5a300fa3a587f9781 HTTP/1.1" 202 258 "-" "PostmanRuntime/7.29.0"

info: ::1 - - [04/Jun/2022:02:29:43 +0000] "POST /api/v1/users/resetPassword HTTP/1.1" 500 52 "-" "PostmanRuntime/7.29.0"

info: ::1 - - [04/Jun/2022:02:29:57 +0000] "POST /api/v1/users/resetPassword HTTP/1.1" 500 52 "-" "PostmanRuntime/7.29.0"

info: ::1 - - [04/Jun/2022:05:52:31 +0000] "GET /api-docs/ HTTP/1.1" 304 - "-" "Mozilla/5.0 (Windows NT 10.0; Win64; x64) AppleWebKit/537.36 (KHTML, like Gecko) Chrome/102.0.5005.63 Safari/537.36 Edg/102.0.1245.30"

info: ::1 - - [04/Jun/2022:05:52:34 +0000] "GET /api-docs/swagger-ui-init.js HTTP/1.1" 200 11062 "-" "Mozilla/5.0 (Windows NT 10.0; Win64; x64) AppleWebKit/537.36 (KHTML, like Gecko) Chrome/102.0.5005.63 Safari/537.36 Edg/102.0.1245.30"

info: ::1 - - [04/Jun/2022:05:52:34 +0000] "GET /api-docs/swagger-ui.css HTTP/1.1" 304 - "-" "Mozilla/5.0 (Windows NT 10.0; Win64; x64) AppleWebKit/537.36 (KHTML, like Gecko) Chrome/102.0.5005.63 Safari/537.36 Edg/102.0.1245.30"

info: ::1 - - [04/Jun/2022:05:52:34 +0000] "GET /api-docs/swagger-ui-bundle.js HTTP/1.1" 304 - "-" "Mozilla/5.0 (Windows NT 10.0; Win64; x64) AppleWebKit/537.36 (KHTML, like Gecko) Chrome/102.0.5005.63 Safari/537.36 Edg/102.0.1245.30"

info: ::1 - - [04/Jun/2022:05:52:34 +0000] "GET /api-docs/swagger-ui-standalone-preset.js HTTP/1.1" 304 - "-" "Mozilla/5.0 (Windows NT 10.0; Win64; x64) AppleWebKit/537.36 (KHTML, like Gecko) Chrome/102.0.5005.63 Safari/537.36 Edg/102.0.1245.30"

info: ::1 - - [04/Jun/2022:05:57:39 +0000] "POST /api/v1/users HTTP/1.1" 201 329 "-" "Mozilla/5.0 (Windows NT 10.0; Win64; x64) AppleWebKit/537.36 (KHTML, like Gecko) Chrome/102.0.5005.63 Safari/537.36 Edg/102.0.1245.30"

info: ::1 - - [04/Jun/2022:06:00:33 +0000] "POST /api/v1/users/login HTTP/1.1" 200 246 "-" "Mozilla/5.0 (Windows NT 10.0; Win64; x64) AppleWebKit/537.36 (KHTML, like Gecko) Chrome/102.0.5005.63 Safari/537.36 Edg/102.0.1245.30"

info: ::1 - - [04/Jun/2022:06:01:18 +0000] "POST /api/v1/users/forgotPassword HTTP/1.1" 404 47 "-" "Mozilla/5.0 (Windows NT 10.0; Win64; x64) AppleWebKit/537.36 (KHTML, like Gecko) Chrome/102.0.5005.63 Safari/537.36 Edg/102.0.1245.30"

