info: ::1 - - [09/Jun/2022:03:25:52 +0000] "POST /api/v1/notes/get HTTP/1.1" 404 47 "-" "PostmanRuntime/7.29.0"

info: ::1 - - [09/Jun/2022:03:26:05 +0000] "POST /api/v1/notes/get HTTP/1.1" 404 47 "-" "PostmanRuntime/7.29.0"

info: ::1 - - [09/Jun/2022:03:35:30 +0000] "POST /api/v1/users/login HTTP/1.1" - - "-" "PostmanRuntime/7.29.0"

info: ::1 - - [09/Jun/2022:03:39:15 +0000] "POST /api/v1/users/login HTTP/1.1" - - "-" "PostmanRuntime/7.29.0"

info: ::1 - - [09/Jun/2022:03:40:21 +0000] "GET /api-docs/ HTTP/1.1" 304 - "-" "Mozilla/5.0 (Windows NT 10.0; Win64; x64) AppleWebKit/537.36 (KHTML, like Gecko) Chrome/102.0.5005.63 Safari/537.36 Edg/102.0.1245.33"

info: ::1 - - [09/Jun/2022:03:40:22 +0000] "GET /api-docs/swagger-ui-init.js HTTP/1.1" 304 - "-" "Mozilla/5.0 (Windows NT 10.0; Win64; x64) AppleWebKit/537.36 (KHTML, like Gecko) Chrome/102.0.5005.63 Safari/537.36 Edg/102.0.1245.33"

info: ::1 - - [09/Jun/2022:03:40:22 +0000] "GET /api-docs/swagger-ui-standalone-preset.js HTTP/1.1" 304 - "-" "Mozilla/5.0 (Windows NT 10.0; Win64; x64) AppleWebKit/537.36 (KHTML, like Gecko) Chrome/102.0.5005.63 Safari/537.36 Edg/102.0.1245.33"

info: ::1 - - [09/Jun/2022:03:40:22 +0000] "GET /api-docs/swagger-ui.css HTTP/1.1" 304 - "-" "Mozilla/5.0 (Windows NT 10.0; Win64; x64) AppleWebKit/537.36 (KHTML, like Gecko) Chrome/102.0.5005.63 Safari/537.36 Edg/102.0.1245.33"

info: ::1 - - [09/Jun/2022:03:40:22 +0000] "GET /api-docs/swagger-ui-bundle.js HTTP/1.1" 304 - "-" "Mozilla/5.0 (Windows NT 10.0; Win64; x64) AppleWebKit/537.36 (KHTML, like Gecko) Chrome/102.0.5005.63 Safari/537.36 Edg/102.0.1245.33"

info: ::1 - - [09/Jun/2022:03:42:07 +0000] "POST /api/v1/users/login HTTP/1.1" - - "-" "PostmanRuntime/7.29.0"

info: ::1 - - [09/Jun/2022:03:44:24 +0000] "GET /api-docs HTTP/1.1" 301 183 "-" "Mozilla/5.0 (Windows NT 10.0; Win64; x64) AppleWebKit/537.36 (KHTML, like Gecko) Chrome/102.0.5005.63 Safari/537.36 Edg/102.0.1245.33"

info: ::1 - - [09/Jun/2022:03:44:24 +0000] "GET /api-docs/ HTTP/1.1" 304 - "-" "Mozilla/5.0 (Windows NT 10.0; Win64; x64) AppleWebKit/537.36 (KHTML, like Gecko) Chrome/102.0.5005.63 Safari/537.36 Edg/102.0.1245.33"

info: ::1 - - [09/Jun/2022:03:44:24 +0000] "GET /api-docs/swagger-ui.css HTTP/1.1" 304 - "-" "Mozilla/5.0 (Windows NT 10.0; Win64; x64) AppleWebKit/537.36 (KHTML, like Gecko) Chrome/102.0.5005.63 Safari/537.36 Edg/102.0.1245.33"

info: ::1 - - [09/Jun/2022:03:44:24 +0000] "GET /api-docs/swagger-ui-init.js HTTP/1.1" 304 - "-" "Mozilla/5.0 (Windows NT 10.0; Win64; x64) AppleWebKit/537.36 (KHTML, like Gecko) Chrome/102.0.5005.63 Safari/537.36 Edg/102.0.1245.33"

info: ::1 - - [09/Jun/2022:03:44:24 +0000] "GET /api-docs/swagger-ui-bundle.js HTTP/1.1" 304 - "-" "Mozilla/5.0 (Windows NT 10.0; Win64; x64) AppleWebKit/537.36 (KHTML, like Gecko) Chrome/102.0.5005.63 Safari/537.36 Edg/102.0.1245.33"

info: ::1 - - [09/Jun/2022:03:44:24 +0000] "GET /api-docs/swagger-ui-standalone-preset.js HTTP/1.1" 304 - "-" "Mozilla/5.0 (Windows NT 10.0; Win64; x64) AppleWebKit/537.36 (KHTML, like Gecko) Chrome/102.0.5005.63 Safari/537.36 Edg/102.0.1245.33"

info: ::1 - - [09/Jun/2022:04:01:56 +0000] "GET /api-docs/ HTTP/1.1" 304 - "-" "Mozilla/5.0 (Windows NT 10.0; Win64; x64) AppleWebKit/537.36 (KHTML, like Gecko) Chrome/102.0.5005.63 Safari/537.36 Edg/102.0.1245.33"

info: ::1 - - [09/Jun/2022:04:01:56 +0000] "GET /api-docs/swagger-ui.css HTTP/1.1" 304 - "-" "Mozilla/5.0 (Windows NT 10.0; Win64; x64) AppleWebKit/537.36 (KHTML, like Gecko) Chrome/102.0.5005.63 Safari/537.36 Edg/102.0.1245.33"

info: ::1 - - [09/Jun/2022:04:01:56 +0000] "GET /api-docs/swagger-ui-init.js HTTP/1.1" 304 - "-" "Mozilla/5.0 (Windows NT 10.0; Win64; x64) AppleWebKit/537.36 (KHTML, like Gecko) Chrome/102.0.5005.63 Safari/537.36 Edg/102.0.1245.33"

info: ::1 - - [09/Jun/2022:04:01:56 +0000] "GET /api-docs/swagger-ui-bundle.js HTTP/1.1" 304 - "-" "Mozilla/5.0 (Windows NT 10.0; Win64; x64) AppleWebKit/537.36 (KHTML, like Gecko) Chrome/102.0.5005.63 Safari/537.36 Edg/102.0.1245.33"

info: ::1 - - [09/Jun/2022:04:01:56 +0000] "GET /api-docs/swagger-ui-standalone-preset.js HTTP/1.1" 304 - "-" "Mozilla/5.0 (Windows NT 10.0; Win64; x64) AppleWebKit/537.36 (KHTML, like Gecko) Chrome/102.0.5005.63 Safari/537.36 Edg/102.0.1245.33"

info: ::1 - - [09/Jun/2022:04:01:58 +0000] "GET /api-docs/favicon-32x32.png HTTP/1.1" 304 - "-" "Mozilla/5.0 (Windows NT 10.0; Win64; x64) AppleWebKit/537.36 (KHTML, like Gecko) Chrome/102.0.5005.63 Safari/537.36 Edg/102.0.1245.33"

info: ::1 - - [09/Jun/2022:04:17:02 +0000] "POST /api/v1/users/login HTTP/1.1" - - "-" "PostmanRuntime/7.29.0"

info: ::1 - - [09/Jun/2022:04:19:34 +0000] "POST /api/v1/users/login HTTP/1.1" - - "-" "PostmanRuntime/7.29.0"

info: ::1 - - [09/Jun/2022:04:31:27 +0000] "POST /api/v1/users/login HTTP/1.1" - - "-" "PostmanRuntime/7.29.0"

info: ::1 - - [09/Jun/2022:04:33:06 +0000] "POST /api/v1/notes HTTP/1.1" 404 47 "-" "Mozilla/5.0 (Windows NT 10.0; Win64; x64) AppleWebKit/537.36 (KHTML, like Gecko) Chrome/102.0.5005.63 Safari/537.36 Edg/102.0.1245.33"

info: ::1 - - [09/Jun/2022:07:06:46 +0000] "GET /api/v1/users/login HTTP/1.1" 404 47 "-" "Mozilla/5.0 (Windows NT 10.0; Win64; x64) AppleWebKit/537.36 (KHTML, like Gecko) Chrome/102.0.5005.63 Safari/537.36 Edg/102.0.1245.33"

info: ::1 - - [09/Jun/2022:07:06:47 +0000] "GET /favicon.ico HTTP/1.1" 404 47 "-" "Mozilla/5.0 (Windows NT 10.0; Win64; x64) AppleWebKit/537.36 (KHTML, like Gecko) Chrome/102.0.5005.63 Safari/537.36 Edg/102.0.1245.33"

info: ::1 - - [09/Jun/2022:07:07:38 +0000] "POST /api/v1/users/login HTTP/1.1" - - "-" "PostmanRuntime/7.29.0"

info: ::1 - - [09/Jun/2022:07:07:46 +0000] "POST /api/v1/users HTTP/1.1" 404 47 "-" "PostmanRuntime/7.29.0"

info: ::1 - - [09/Jun/2022:07:08:15 +0000] "POST /api/v1/users/registration HTTP/1.1" 500 60 "-" "PostmanRuntime/7.29.0"

info: ::1 - - [09/Jun/2022:07:09:04 +0000] "POST /api/v1/users/login HTTP/1.1" - - "-" "PostmanRuntime/7.29.0"

info: ::1 - - [09/Jun/2022:07:10:17 +0000] "POST /api/v1/users HTTP/1.1" 404 47 "-" "PostmanRuntime/7.29.0"

info: ::1 - - [09/Jun/2022:07:10:28 +0000] "POST /api/v1/users/registration HTTP/1.1" 500 59 "-" "PostmanRuntime/7.29.0"

info: ::1 - - [09/Jun/2022:07:10:38 +0000] "POST /api/v1/users/registration HTTP/1.1" 201 325 "-" "PostmanRuntime/7.29.0"

info: ::1 - - [09/Jun/2022:07:10:54 +0000] "POST /api/v1/users/login HTTP/1.1" 200 249 "-" "PostmanRuntime/7.29.0"

info: ::1 - - [09/Jun/2022:07:12:23 +0000] "POST /api/v1/notes/get HTTP/1.1" 404 47 "-" "PostmanRuntime/7.29.0"

info: ::1 - - [09/Jun/2022:07:26:08 +0000] "GET /api/v1/notes/get HTTP/1.1" 200 920 "-" "PostmanRuntime/7.29.0"

info: ::1 - - [09/Jun/2022:07:26:41 +0000] "GET /api/v1/notes/get HTTP/1.1" 200 920 "-" "PostmanRuntime/7.29.0"

info: ::1 - - [09/Jun/2022:07:45:44 +0000] "GET /api/v1/notes/get HTTP/1.1" 200 920 "-" "PostmanRuntime/7.29.0"

info: ::1 - - [09/Jun/2022:07:45:54 +0000] "GET /api/v1/notes/get HTTP/1.1" 200 920 "-" "PostmanRuntime/7.29.0"

info: ::1 - - [09/Jun/2022:07:46:18 +0000] "GET /api/v1/notes/getbyId/62982528f7a01d4360aa8e6e HTTP/1.1" 200 276 "-" "PostmanRuntime/7.29.0"

info: ::1 - - [09/Jun/2022:07:58:05 +0000] "GET /api/v1/notes/get HTTP/1.1" 200 920 "-" "PostmanRuntime/7.29.0"

info: ::1 - - [09/Jun/2022:08:02:20 +0000] "GET /api/v1/notes/get HTTP/1.1" 200 920 "-" "PostmanRuntime/7.29.0"

info: ::1 - - [09/Jun/2022:08:13:13 +0000] "GET /api/v1/notes/get HTTP/1.1" 200 920 "-" "PostmanRuntime/7.29.0"

info: ::1 - - [09/Jun/2022:08:33:23 +0000] "GET /api/v1/notes/get HTTP/1.1" 200 920 "-" "PostmanRuntime/7.29.0"

info: ::1 - - [09/Jun/2022:08:36:20 +0000] "GET /api/v1/notes/get HTTP/1.1" 200 920 "-" "PostmanRuntime/7.29.0"

info: ::1 - - [09/Jun/2022:08:42:59 +0000] "GET /api/v1/notes/get HTTP/1.1" 404 47 "-" "PostmanRuntime/7.29.0"

info: ::1 - - [09/Jun/2022:08:43:12 +0000] "GET /api/v1/notes/getAll HTTP/1.1" 200 920 "-" "PostmanRuntime/7.29.0"

info: ::1 - - [09/Jun/2022:08:47:14 +0000] "GET /api/v1/notes/getAll HTTP/1.1" 200 920 "-" "PostmanRuntime/7.29.0"

info: ::1 - - [09/Jun/2022:08:49:03 +0000] "GET /api/v1/notes/getAll HTTP/1.1" 200 920 "-" "PostmanRuntime/7.29.0"

info: ::1 - - [09/Jun/2022:08:49:18 +0000] "GET /api/v1/notes/getAll HTTP/1.1" 400 56 "-" "PostmanRuntime/7.29.0"

info: ::1 - - [09/Jun/2022:08:49:43 +0000] "GET /api/v1/notes/getAll HTTP/1.1" 500 48 "-" "PostmanRuntime/7.29.0"

info: ::1 - - [09/Jun/2022:15:25:45 +0000] "POST /api/v1/users/registration HTTP/1.1" 201 329 "-" "PostmanRuntime/7.29.0"

info: ::1 - - [09/Jun/2022:15:26:18 +0000] "POST /api/v1/users/login HTTP/1.1" 200 246 "-" "PostmanRuntime/7.29.0"

info: ::1 - - [09/Jun/2022:15:27:05 +0000] "POST /api/v1/users/forgotPassword HTTP/1.1" 500 52 "-" "PostmanRuntime/7.29.0"

info: ::1 - - [09/Jun/2022:15:27:31 +0000] "POST /api/v1/users/forgotPassword HTTP/1.1" 202 243 "-" "PostmanRuntime/7.29.0"

info: ::1 - - [09/Jun/2022:15:30:28 +0000] "POST /api/v1/users/resetPassword HTTP/1.1" 400 56 "-" "PostmanRuntime/7.29.0"

info: ::1 - - [09/Jun/2022:15:30:57 +0000] "POST /api/v1/users/resetPassword HTTP/1.1" 400 56 "-" "PostmanRuntime/7.29.0"

info: ::1 - - [09/Jun/2022:15:31:26 +0000] "POST /api/v1/users/resetPassword HTTP/1.1" 400 56 "-" "PostmanRuntime/7.29.0"

info: ::1 - - [09/Jun/2022:15:34:35 +0000] "POST /api/v1/users/resetPassword HTTP/1.1" 400 56 "-" "PostmanRuntime/7.29.0"

info: ::1 - - [09/Jun/2022:15:34:40 +0000] "POST /api/v1/users/resetPassword HTTP/1.1" 400 56 "-" "PostmanRuntime/7.29.0"

info: ::1 - - [09/Jun/2022:15:40:43 +0000] "POST /api/v1/users/resetPassword HTTP/1.1" 400 56 "-" "PostmanRuntime/7.29.0"

info: ::1 - - [09/Jun/2022:15:43:09 +0000] "POST /api/v1/users/resetPassword HTTP/1.1" 200 340 "-" "PostmanRuntime/7.29.0"

info: ::1 - - [09/Jun/2022:15:44:26 +0000] "POST /api/v1/users/login HTTP/1.1" 200 246 "-" "PostmanRuntime/7.29.0"

info: ::1 - - [09/Jun/2022:15:44:45 +0000] "POST /api/v1/users/forgotPassword HTTP/1.1" 202 243 "-" "PostmanRuntime/7.29.0"

info: ::1 - - [09/Jun/2022:15:45:37 +0000] "POST /api/v1/users/resettPassword HTTP/1.1" 404 47 "-" "PostmanRuntime/7.29.0"

info: ::1 - - [09/Jun/2022:15:45:48 +0000] "POST /api/v1/users/resetPassword HTTP/1.1" 200 340 "-" "PostmanRuntime/7.29.0"

info: ::1 - - [09/Jun/2022:15:46:44 +0000] "POST /api/v1/users/registration HTTP/1.1" 201 323 "-" "PostmanRuntime/7.29.0"

info: ::1 - - [09/Jun/2022:15:51:57 +0000] "POST /api/v1/users/registration HTTP/1.1" 400 50 "-" "PostmanRuntime/7.29.0"

info: ::1 - - [09/Jun/2022:15:52:11 +0000] "POST /api/v1/users/registration HTTP/1.1" 400 50 "-" "PostmanRuntime/7.29.0"

info: ::1 - - [09/Jun/2022:15:52:25 +0000] "POST /api/v1/users/registration HTTP/1.1" 201 329 "-" "PostmanRuntime/7.29.0"

info: ::1 - - [09/Jun/2022:15:52:45 +0000] "POST /api/v1/users/login HTTP/1.1" 200 250 "-" "PostmanRuntime/7.29.0"

info: ::1 - - [09/Jun/2022:15:53:16 +0000] "POST /api/v1/users/forgotPassword HTTP/1.1" 202 247 "-" "PostmanRuntime/7.29.0"

info: ::1 - - [09/Jun/2022:15:54:49 +0000] "POST /api/v1/users/resetPassword HTTP/1.1" 200 340 "-" "PostmanRuntime/7.29.0"

info: ::1 - - [09/Jun/2022:15:59:15 +0000] "POST /api/v1/users/resetPassword HTTP/1.1" 200 340 "-" "PostmanRuntime/7.29.0"

info: ::1 - - [09/Jun/2022:15:59:59 +0000] "POST /api/v1/users/resetPassword HTTP/1.1" 200 67 "-" "PostmanRuntime/7.29.0"

info: ::1 - - [09/Jun/2022:16:00:16 +0000] "POST /api/v1/users/login HTTP/1.1" 200 258 "-" "PostmanRuntime/7.29.0"

info: ::1 - - [09/Jun/2022:16:01:58 +0000] "POST /api/v1/notes/new HTTP/1.1" 500 52 "-" "PostmanRuntime/7.29.0"

info: ::1 - - [09/Jun/2022:16:04:31 +0000] "POST /api/v1/notes/new HTTP/1.1" 400 56 "-" "PostmanRuntime/7.29.0"

info: ::1 - - [09/Jun/2022:16:04:40 +0000] "POST /api/v1/notes/new HTTP/1.1" 500 52 "-" "PostmanRuntime/7.29.0"

info: ::1 - - [09/Jun/2022:16:05:04 +0000] "POST /api/v1/notes/new HTTP/1.1" 500 52 "-" "PostmanRuntime/7.29.0"

info: ::1 - - [09/Jun/2022:16:07:09 +0000] "POST /api/v1/notes/new HTTP/1.1" 500 52 "-" "PostmanRuntime/7.29.0"

info: ::1 - - [09/Jun/2022:16:08:15 +0000] "POST /api/v1/notes/new HTTP/1.1" 500 52 "-" "PostmanRuntime/7.29.0"

info: ::1 - - [09/Jun/2022:16:09:14 +0000] "POST /api/v1/notes/new HTTP/1.1" 500 52 "-" "PostmanRuntime/7.29.0"

info: ::1 - - [09/Jun/2022:16:09:27 +0000] "POST /api/v1/notes/new HTTP/1.1" 400 69 "-" "PostmanRuntime/7.29.0"

info: ::1 - - [09/Jun/2022:16:09:42 +0000] "POST /api/v1/notes/new HTTP/1.1" 500 52 "-" "PostmanRuntime/7.29.0"

info: ::1 - - [09/Jun/2022:16:10:30 +0000] "POST /api/v1/notes/new HTTP/1.1" 500 52 "-" "PostmanRuntime/7.29.0"

info: ::1 - - [09/Jun/2022:16:11:25 +0000] "POST /api/v1/notes/new HTTP/1.1" 500 52 "-" "PostmanRuntime/7.29.0"

info: ::1 - - [09/Jun/2022:16:11:42 +0000] "POST /api/v1/notes/new HTTP/1.1" 500 52 "-" "PostmanRuntime/7.29.0"

info: ::1 - - [09/Jun/2022:16:30:02 +0000] "POST /api/v1/users/login HTTP/1.1" 200 250 "-" "PostmanRuntime/7.29.0"

info: ::1 - - [09/Jun/2022:16:31:10 +0000] "POST /api/v1/notes/new HTTP/1.1" 201 231 "-" "PostmanRuntime/7.29.0"

info: ::1 - - [09/Jun/2022:16:31:52 +0000] "POST /api/v1/notes/getAll HTTP/1.1" 404 47 "-" "PostmanRuntime/7.29.0"

info: ::1 - - [09/Jun/2022:16:32:05 +0000] "GET /api/v1/notes/getAll HTTP/1.1" 200 239 "-" "PostmanRuntime/7.29.0"

info: ::1 - - [09/Jun/2022:16:33:08 +0000] "POST /api/v1/notes/new HTTP/1.1" 201 231 "-" "PostmanRuntime/7.29.0"

info: ::1 - - [09/Jun/2022:16:33:21 +0000] "GET /api/v1/notes/getAll HTTP/1.1" 200 239 "-" "PostmanRuntime/7.29.0"

info: ::1 - - [09/Jun/2022:16:33:38 +0000] "POST /api/v1/notes/new HTTP/1.1" 201 231 "-" "PostmanRuntime/7.29.0"

info: ::1 - - [09/Jun/2022:16:34:10 +0000] "GET /api/v1/notes/getAll HTTP/1.1" 200 239 "-" "PostmanRuntime/7.29.0"

info: ::1 - - [09/Jun/2022:16:38:20 +0000] "GET /api/v1/notes/getAll HTTP/1.1" 200 239 "-" "PostmanRuntime/7.29.0"

info: ::1 - - [09/Jun/2022:16:39:14 +0000] "GET /api/v1/notes/getAll HTTP/1.1" 200 239 "-" "PostmanRuntime/7.29.0"

info: ::1 - - [09/Jun/2022:16:40:01 +0000] "GET /api/v1/notes/new HTTP/1.1" 404 47 "-" "PostmanRuntime/7.29.0"

info: ::1 - - [09/Jun/2022:16:40:11 +0000] "POST /api/v1/notes/new HTTP/1.1" 201 231 "-" "PostmanRuntime/7.29.0"

info: ::1 - - [09/Jun/2022:16:40:42 +0000] "POST /api/v1/notes/new HTTP/1.1" 201 231 "-" "PostmanRuntime/7.29.0"

info: ::1 - - [09/Jun/2022:16:41:05 +0000] "GET /api/v1/notes/getAll HTTP/1.1" 200 239 "-" "PostmanRuntime/7.29.0"

info: ::1 - - [09/Jun/2022:16:42:18 +0000] "GET /api/v1/notes/getAll HTTP/1.1" 200 239 "-" "PostmanRuntime/7.29.0"

info: ::1 - - [09/Jun/2022:16:44:02 +0000] "GET /api/v1/notes/getAll HTTP/1.1" 200 239 "-" "PostmanRuntime/7.29.0"

info: ::1 - - [09/Jun/2022:16:44:19 +0000] "GET /api/v1/notes/getAll HTTP/1.1" 200 239 "-" "PostmanRuntime/7.29.0"

info: ::1 - - [09/Jun/2022:16:45:01 +0000] "GET /api/v1/notes/getAll HTTP/1.1" 200 239 "-" "PostmanRuntime/7.29.0"

info: ::1 - - [09/Jun/2022:16:54:00 +0000] "GET /api/v1/notes/getAll HTTP/1.1" 200 239 "-" "PostmanRuntime/7.29.0"

info: ::1 - - [09/Jun/2022:16:55:15 +0000] "GET /api/v1/notes/getAll HTTP/1.1" 200 239 "-" "PostmanRuntime/7.29.0"

info: ::1 - - [09/Jun/2022:16:58:18 +0000] "GET /api/v1/notes/getbyId/62a220e27f95bf0e7c48a343 HTTP/1.1" 200 219 "-" "PostmanRuntime/7.29.0"

info: ::1 - - [09/Jun/2022:16:58:34 +0000] "GET /api/v1/notes/getbyId/62a220e27f95bf0e7c48a343 HTTP/1.1" 400 56 "-" "PostmanRuntime/7.29.0"

info: ::1 - - [09/Jun/2022:16:58:49 +0000] "GET /api/v1/notes/getbyId/62a220e27f95bf0e7c48a343 HTTP/1.1" 200 219 "-" "PostmanRuntime/7.29.0"

info: ::1 - - [09/Jun/2022:16:59:02 +0000] "GET /api/v1/notes/getAll HTTP/1.1" 200 239 "-" "PostmanRuntime/7.29.0"

info: ::1 - - [09/Jun/2022:17:03:39 +0000] "GET /api/v1/notes/getAll HTTP/1.1" 200 239 "-" "PostmanRuntime/7.29.0"

info: ::1 - - [09/Jun/2022:17:16:30 +0000] "GET /api/v1/notes/getAll HTTP/1.1" 200 239 "-" "PostmanRuntime/7.29.0"

info: ::1 - - [09/Jun/2022:17:16:54 +0000] "GET /api/v1/notes/getAll HTTP/1.1" 200 239 "-" "PostmanRuntime/7.29.0"

info: ::1 - - [09/Jun/2022:17:17:38 +0000] "DELETE /api/v1/notes/delete/62a2204d7f95bf0e7c48a33e HTTP/1.1" 500 236 "-" "PostmanRuntime/7.29.0"

info: ::1 - - [09/Jun/2022:17:18:02 +0000] "DELETE /api/v1/notes/delete/62a2204d7f95bf0e7c48a33e HTTP/1.1" 500 236 "-" "PostmanRuntime/7.29.0"

info: ::1 - - [09/Jun/2022:17:18:06 +0000] "DELETE /api/v1/notes/delete/62a2204d7f95bf0e7c48a33e HTTP/1.1" 500 236 "-" "PostmanRuntime/7.29.0"

info: ::1 - - [09/Jun/2022:17:18:15 +0000] "DELETE /api/v1/notes/delete/62a2204d7f95bf0e7c48a33e HTTP/1.1" 500 236 "-" "PostmanRuntime/7.29.0"

info: ::1 - - [09/Jun/2022:17:21:24 +0000] "DELETE /api/v1/notes/delete/62a2204d7f95bf0e7c48a33e HTTP/1.1" 200 37 "-" "PostmanRuntime/7.29.0"

info: ::1 - - [09/Jun/2022:17:21:43 +0000] "GET /api/v1/notes/getAll HTTP/1.1" 200 589 "-" "PostmanRuntime/7.29.0"

info: ::1 - - [09/Jun/2022:17:33:03 +0000] "GET /api/v1/users/login HTTP/1.1" 404 47 "-" "PostmanRuntime/7.29.0"

info: ::1 - - [09/Jun/2022:17:33:13 +0000] "POST /api/v1/users/login HTTP/1.1" 200 250 "-" "PostmanRuntime/7.29.0"

info: ::1 - - [09/Jun/2022:17:33:35 +0000] "POST /api/v1/users/forgotPassword HTTP/1.1" 202 247 "-" "PostmanRuntime/7.29.0"

info: ::1 - - [09/Jun/2022:17:34:54 +0000] "POST /api/v1/users/resetPassword HTTP/1.1" 200 340 "-" "PostmanRuntime/7.29.0"

info: ::1 - - [09/Jun/2022:17:38:36 +0000] "POST /api/v1/users/forgotPassword HTTP/1.1" 202 255 "-" "PostmanRuntime/7.29.0"

info: ::1 - - [09/Jun/2022:17:41:22 +0000] "POST /api/v1/users/forgotPassword HTTP/1.1" 202 247 "-" "PostmanRuntime/7.29.0"

info: ::1 - - [09/Jun/2022:17:42:33 +0000] "POST /api/v1/users/resetPassword HTTP/1.1" 200 340 "-" "PostmanRuntime/7.29.0"

info: ::1 - - [09/Jun/2022:17:46:16 +0000] "POST /api/v1/users/resetPassword HTTP/1.1" 200 67 "-" "PostmanRuntime/7.29.0"

info: ::1 - - [09/Jun/2022:17:47:19 +0000] "POST /api/v1/users/resetPassword HTTP/1.1" 200 340 "-" "PostmanRuntime/7.29.0"

