info: ::1 - - [30/May/2022:02:52:34 +0000] "POST /api/v1/users HTTP/1.1" 500 60 "-" "PostmanRuntime/7.29.0"

info: ::1 - - [30/May/2022:02:53:04 +0000] "POST /api/v1/users HTTP/1.1" 201 324 "-" "PostmanRuntime/7.29.0"

info: ::1 - - [30/May/2022:13:55:52 +0000] "POST /api/v1/users/login HTTP/1.1" - - "-" "PostmanRuntime/7.29.0"

info: ::1 - - [30/May/2022:13:58:15 +0000] "POST /api/v1/users/login HTTP/1.1" - - "-" "PostmanRuntime/7.29.0"

info: ::1 - - [30/May/2022:14:09:54 +0000] "POST /api/v1/users/login HTTP/1.1" - - "-" "PostmanRuntime/7.29.0"

info: ::1 - - [30/May/2022:14:10:40 +0000] "POST /api/v1/ HTTP/1.1" 404 47 "-" "PostmanRuntime/7.29.0"

info: ::1 - - [30/May/2022:14:11:08 +0000] "POST /api/v1/users HTTP/1.1" 500 60 "-" "PostmanRuntime/7.29.0"

info: ::1 - - [30/May/2022:14:13:48 +0000] "POST /api/v1/users/login HTTP/1.1" - - "-" "PostmanRuntime/7.29.0"

info: ::1 - - [30/May/2022:14:15:14 +0000] "POST /api/v1/users/login HTTP/1.1" - - "-" "PostmanRuntime/7.29.0"

info: ::1 - - [30/May/2022:14:18:09 +0000] "POST /api/v1/users/login HTTP/1.1" - - "-" "PostmanRuntime/7.29.0"

info: ::1 - - [30/May/2022:14:55:10 +0000] "POST /api/v1/users/login HTTP/1.1" - - "-" "PostmanRuntime/7.29.0"

info: ::1 - - [30/May/2022:15:00:12 +0000] "POST /api/v1/users/login HTTP/1.1" - - "-" "PostmanRuntime/7.29.0"

info: ::1 - - [30/May/2022:15:27:15 +0000] "POST /api/v1/users/login HTTP/1.1" - - "-" "PostmanRuntime/7.29.0"

info: ::1 - - [30/May/2022:15:44:49 +0000] "POST /api/v1/users/login HTTP/1.1" - - "-" "PostmanRuntime/7.29.0"

info: ::1 - - [30/May/2022:15:49:41 +0000] "POST /api/v1/users/login HTTP/1.1" - - "-" "PostmanRuntime/7.29.0"

info: ::1 - - [30/May/2022:15:54:37 +0000] "POST /api/v1/users/login HTTP/1.1" 200 273 "-" "PostmanRuntime/7.29.0"

info: ::1 - - [30/May/2022:15:58:26 +0000] "POST /api/v1/users/login HTTP/1.1" - - "-" "PostmanRuntime/7.29.0"

info: ::1 - - [30/May/2022:16:03:49 +0000] "POST /api/v1/users/login HTTP/1.1" 200 273 "-" "PostmanRuntime/7.29.0"

info: ::1 - - [30/May/2022:16:06:08 +0000] "POST /api/v1/users/login HTTP/1.1" 200 273 "-" "PostmanRuntime/7.29.0"

info: ::1 - - [30/May/2022:16:09:42 +0000] "POST /api/v1/users/login HTTP/1.1" 200 273 "-" "PostmanRuntime/7.29.0"

info: ::1 - - [30/May/2022:16:12:18 +0000] "POST /api/v1/users/login HTTP/1.1" 200 273 "-" "PostmanRuntime/7.29.0"

info: ::1 - - [30/May/2022:16:15:51 +0000] "POST /api/v1/users/login HTTP/1.1" 200 273 "-" "PostmanRuntime/7.29.0"

info: ::1 - - [30/May/2022:16:17:53 +0000] "POST /api/v1/users/login HTTP/1.1" 200 273 "-" "PostmanRuntime/7.29.0"

info: ::1 - - [30/May/2022:16:25:34 +0000] "POST /api/v1/users/login HTTP/1.1" 200 273 "-" "PostmanRuntime/7.29.0"

info: ::1 - - [30/May/2022:16:28:30 +0000] "POST /api/v1/users/login HTTP/1.1" 200 323 "-" "PostmanRuntime/7.29.0"

info: ::1 - - [30/May/2022:16:36:25 +0000] "POST /api/v1/users/login HTTP/1.1" 200 323 "-" "PostmanRuntime/7.29.0"

info: ::1 - - [30/May/2022:16:46:24 +0000] "POST /api/v1/users/login HTTP/1.1" - - "-" "PostmanRuntime/7.29.0"

info: ::1 - - [30/May/2022:16:50:34 +0000] "POST /api/v1/users HTTP/1.1" 500 59 "-" "PostmanRuntime/7.29.0"

info: ::1 - - [30/May/2022:16:50:45 +0000] "POST /api/v1/users HTTP/1.1" 500 89 "-" "PostmanRuntime/7.29.0"

info: ::1 - - [30/May/2022:16:51:11 +0000] "POST /api/v1/users HTTP/1.1" 201 326 "-" "PostmanRuntime/7.29.0"

info: ::1 - - [30/May/2022:16:51:32 +0000] "POST /api/v1/users/login HTTP/1.1" 200 325 "-" "PostmanRuntime/7.29.0"

info: ::1 - - [30/May/2022:17:06:33 +0000] "POST /api/v1/users/login HTTP/1.1" 200 325 "-" "PostmanRuntime/7.29.0"

info: ::1 - - [30/May/2022:17:34:24 +0000] "POST /api/v1/users/login HTTP/1.1" - - "-" "PostmanRuntime/7.29.0"

info: ::1 - - [30/May/2022:17:44:12 +0000] "POST /api/v1/users/login HTTP/1.1" 200 237 "-" "PostmanRuntime/7.29.0"

info: ::1 - - [30/May/2022:17:46:28 +0000] "POST /api/v1/users/login HTTP/1.1" 200 237 "-" "PostmanRuntime/7.29.0"

info: ::1 - - [30/May/2022:18:23:28 +0000] "POST /api/v1/notes HTTP/1.1" 400 56 "-" "PostmanRuntime/7.29.0"

info: ::1 - - [30/May/2022:18:25:07 +0000] "POST /api/v1/notes HTTP/1.1" 500 52 "-" "PostmanRuntime/7.29.0"

info: ::1 - - [30/May/2022:18:26:16 +0000] "POST /api/v1/notes HTTP/1.1" 500 52 "-" "PostmanRuntime/7.29.0"

info: ::1 - - [30/May/2022:18:28:24 +0000] "POST /api/v1/users HTTP/1.1" 500 60 "-" "PostmanRuntime/7.29.0"

info: ::1 - - [30/May/2022:18:28:36 +0000] "POST /api/v1/users/login HTTP/1.1" 200 237 "-" "PostmanRuntime/7.29.0"

