info: Server started at http://localhost:3000/api/v1/ {"timestamp":"2022-06-01T18:30:16.637Z"}
info: Connected to the database. {"timestamp":"2022-06-01T18:30:24.046Z"}
info: Server started at http://localhost:3000/api/v1/ {"timestamp":"2022-06-01T18:32:05.384Z"}
info: Connected to the database. {"timestamp":"2022-06-01T18:32:08.489Z"}
error: 
    status - 500 
    message - TypeError: Cannot read properties of null (reading 'isArchived')
    at _callee6$ (C:\Users\91809\Desktop\FundooNotes\src\services\/note.service.js:38:22)
    at tryCatch (C:\Users\91809\Desktop\FundooNotes\node_modules\@babel\runtime\helpers\regeneratorRuntime.js:86:17)
    at Generator._invoke (C:\Users\91809\Desktop\FundooNotes\node_modules\@babel\runtime\helpers\regeneratorRuntime.js:66:24)
    at Generator.next (C:\Users\91809\Desktop\FundooNotes\node_modules\@babel\runtime\helpers\regeneratorRuntime.js:117:21)
    at asyncGeneratorStep (C:\Users\91809\Desktop\FundooNotes\node_modules\@babel\runtime\helpers\asyncToGenerator.js:3:24)
    at _next (C:\Users\91809\Desktop\FundooNotes\node_modules\@babel\runtime\helpers\asyncToGenerator.js:25:9)
    at processTicksAndRejections (node:internal/process/task_queues:95:5) 
    url - /api/v1/notes/archive/6296ffbaccd09524b4ae183a 
    method - PUT 
    IP - ::1
   {"timestamp":"2022-06-01T18:32:23.574Z"}
info: Server started at http://localhost:3000/api/v1/ {"timestamp":"2022-06-01T18:33:16.918Z"}
info: Connected to the database. {"timestamp":"2022-06-01T18:33:20.341Z"}
info: Server started at http://localhost:3000/api/v1/ {"timestamp":"2022-06-01T18:35:55.171Z"}
info: Connected to the database. {"timestamp":"2022-06-01T18:35:58.694Z"}
error: 
    status - 500 
    message - TypeError: Cannot read properties of null (reading 'isArchived')
    at _callee6$ (C:\Users\91809\Desktop\FundooNotes\src\services\/note.service.js:38:22)
    at tryCatch (C:\Users\91809\Desktop\FundooNotes\node_modules\@babel\runtime\helpers\regeneratorRuntime.js:86:17)
    at Generator._invoke (C:\Users\91809\Desktop\FundooNotes\node_modules\@babel\runtime\helpers\regeneratorRuntime.js:66:24)
    at Generator.next (C:\Users\91809\Desktop\FundooNotes\node_modules\@babel\runtime\helpers\regeneratorRuntime.js:117:21)
    at asyncGeneratorStep (C:\Users\91809\Desktop\FundooNotes\node_modules\@babel\runtime\helpers\asyncToGenerator.js:3:24)
    at _next (C:\Users\91809\Desktop\FundooNotes\node_modules\@babel\runtime\helpers\asyncToGenerator.js:25:9)
    at processTicksAndRejections (node:internal/process/task_queues:95:5) 
    url - /api/v1/notes/archive/6296ffbaccd09524b4ae183a 
    method - PUT 
    IP - ::1
   {"timestamp":"2022-06-01T18:36:03.625Z"}
error: 
    status - 500 
    message - TypeError: Cannot read properties of null (reading 'isDeleted')
    at _callee7$ (C:\Users\91809\Desktop\FundooNotes\src\services\/note.service.js:50:22)
    at tryCatch (C:\Users\91809\Desktop\FundooNotes\node_modules\@babel\runtime\helpers\regeneratorRuntime.js:86:17)
    at Generator._invoke (C:\Users\91809\Desktop\FundooNotes\node_modules\@babel\runtime\helpers\regeneratorRuntime.js:66:24)
    at Generator.next (C:\Users\91809\Desktop\FundooNotes\node_modules\@babel\runtime\helpers\regeneratorRuntime.js:117:21)
    at asyncGeneratorStep (C:\Users\91809\Desktop\FundooNotes\node_modules\@babel\runtime\helpers\asyncToGenerator.js:3:24)
    at _next (C:\Users\91809\Desktop\FundooNotes\node_modules\@babel\runtime\helpers\asyncToGenerator.js:25:9)
    at processTicksAndRejections (node:internal/process/task_queues:95:5) 
    url - /api/v1/notes/inTrash/6296ffbaccd09524b4ae183a 
    method - PUT 
    IP - ::1
   {"timestamp":"2022-06-01T18:36:27.500Z"}
info: Server started at http://localhost:3000/api/v1/ {"timestamp":"2022-06-01T18:40:40.914Z"}
info: Connected to the database. {"timestamp":"2022-06-01T18:40:46.235Z"}
error: 
    status - 500 
    message - TypeError: Cannot read properties of undefined (reading 'isDeleted')
    at _callee7$ (C:\Users\91809\Desktop\FundooNotes\src\services\/note.service.js:45:32)
    at tryCatch (C:\Users\91809\Desktop\FundooNotes\node_modules\@babel\runtime\helpers\regeneratorRuntime.js:86:17)
    at Generator._invoke (C:\Users\91809\Desktop\FundooNotes\node_modules\@babel\runtime\helpers\regeneratorRuntime.js:66:24)
    at Generator.next (C:\Users\91809\Desktop\FundooNotes\node_modules\@babel\runtime\helpers\regeneratorRuntime.js:117:21)
    at asyncGeneratorStep (C:\Users\91809\Desktop\FundooNotes\node_modules\@babel\runtime\helpers\asyncToGenerator.js:3:24)
    at _next (C:\Users\91809\Desktop\FundooNotes\node_modules\@babel\runtime\helpers\asyncToGenerator.js:25:9)
    at processTicksAndRejections (node:internal/process/task_queues:95:5) 
    url - /api/v1/notes/inTrash/6296ffbaccd09524b4ae183a 
    method - PUT 
    IP - ::1
   {"timestamp":"2022-06-01T18:40:52.982Z"}
info: Server started at http://localhost:3000/api/v1/ {"timestamp":"2022-06-01T18:42:10.995Z"}
info: Connected to the database. {"timestamp":"2022-06-01T18:42:14.552Z"}
error: 
    status - 500 
    message - TypeError: Cannot read properties of null (reading 'isDeleted')
    at _callee7$ (C:\Users\91809\Desktop\FundooNotes\src\services\/note.service.js:45:32)
    at tryCatch (C:\Users\91809\Desktop\FundooNotes\node_modules\@babel\runtime\helpers\regeneratorRuntime.js:86:17)
    at Generator._invoke (C:\Users\91809\Desktop\FundooNotes\node_modules\@babel\runtime\helpers\regeneratorRuntime.js:66:24)
    at Generator.next (C:\Users\91809\Desktop\FundooNotes\node_modules\@babel\runtime\helpers\regeneratorRuntime.js:117:21)
    at asyncGeneratorStep (C:\Users\91809\Desktop\FundooNotes\node_modules\@babel\runtime\helpers\asyncToGenerator.js:3:24)
    at _next (C:\Users\91809\Desktop\FundooNotes\node_modules\@babel\runtime\helpers\asyncToGenerator.js:25:9)
    at processTicksAndRejections (node:internal/process/task_queues:95:5) 
    url - /api/v1/notes/inTrash/6296ffbaccd09524b4ae183a 
    method - PUT 
    IP - ::1
   {"timestamp":"2022-06-01T18:44:28.431Z"}
info: Server started at http://localhost:3000/api/v1/ {"timestamp":"2022-06-01T18:47:58.294Z"}
info: Connected to the database. {"timestamp":"2022-06-01T18:48:02.028Z"}
info: Server started at http://localhost:3000/api/v1/ {"timestamp":"2022-06-01T18:50:50.305Z"}
info: Connected to the database. {"timestamp":"2022-06-01T18:50:53.641Z"}
error: 
    status - 500 
    message - TypeError: Cannot read properties of null (reading 'isDeleted')
    at _callee7$ (C:\Users\91809\Desktop\FundooNotes\src\services\/note.service.js:47:32)
    at tryCatch (C:\Users\91809\Desktop\FundooNotes\node_modules\@babel\runtime\helpers\regeneratorRuntime.js:86:17)
    at Generator._invoke (C:\Users\91809\Desktop\FundooNotes\node_modules\@babel\runtime\helpers\regeneratorRuntime.js:66:24)
    at Generator.next (C:\Users\91809\Desktop\FundooNotes\node_modules\@babel\runtime\helpers\regeneratorRuntime.js:117:21)
    at asyncGeneratorStep (C:\Users\91809\Desktop\FundooNotes\node_modules\@babel\runtime\helpers\asyncToGenerator.js:3:24)
    at _next (C:\Users\91809\Desktop\FundooNotes\node_modules\@babel\runtime\helpers\asyncToGenerator.js:25:9)
    at processTicksAndRejections (node:internal/process/task_queues:95:5) 
    url - /api/v1/notes/inTrash/6296ffbaccd09524b4ae183a 
    method - PUT 
    IP - ::1
   {"timestamp":"2022-06-01T18:50:55.925Z"}
error: 
    status - 500 
    message - CastError: Cast to Boolean failed for value "{ new: true }" (type Object) at path "isArchived"
    at model.Query.exec (C:\Users\91809\Desktop\FundooNotes\node_modules\mongoose\lib\query.js:4498:21)
    at model.Query.Query.then (C:\Users\91809\Desktop\FundooNotes\node_modules\mongoose\lib\query.js:4592:15)
    at processTicksAndRejections (node:internal/process/task_queues:95:5) 
    url - /api/v1/notes/archive/6296ffbaccd09524b4ae183a 
    method - PUT 
    IP - ::1
   {"timestamp":"2022-06-01T18:51:25.203Z"}
info: Server started at http://localhost:3000/api/v1/ {"timestamp":"2022-06-01T18:54:30.702Z"}
info: Connected to the database. {"timestamp":"2022-06-01T18:54:34.115Z"}
error: 
    status - 500 
    message - TypeError: Cannot read properties of null (reading 'isArchived')
    at _callee6$ (C:\Users\91809\Desktop\FundooNotes\src\controllers\/note.controller.js:73:13)
    at tryCatch (C:\Users\91809\Desktop\FundooNotes\node_modules\@babel\runtime\helpers\regeneratorRuntime.js:86:17)
    at Generator._invoke (C:\Users\91809\Desktop\FundooNotes\node_modules\@babel\runtime\helpers\regeneratorRuntime.js:66:24)
    at Generator.next (C:\Users\91809\Desktop\FundooNotes\node_modules\@babel\runtime\helpers\regeneratorRuntime.js:117:21)
    at asyncGeneratorStep (C:\Users\91809\Desktop\FundooNotes\node_modules\@babel\runtime\helpers\asyncToGenerator.js:3:24)
    at _next (C:\Users\91809\Desktop\FundooNotes\node_modules\@babel\runtime\helpers\asyncToGenerator.js:25:9)
    at processTicksAndRejections (node:internal/process/task_queues:95:5) 
    url - /api/v1/notes/archive/6296ffbaccd09524b4ae183a 
    method - PUT 
    IP - ::1
   {"timestamp":"2022-06-01T18:54:58.919Z"}
info: Server started at http://localhost:3000/api/v1/ {"timestamp":"2022-06-01T18:56:19.631Z"}
info: Connected to the database. {"timestamp":"2022-06-01T18:56:22.531Z"}
error: 
    status - 500 
    message - ReferenceError: isArchived is not defined
    at _callee6$ (C:\Users\91809\Desktop\FundooNotes\src\services\/note.service.js:40:7)
    at tryCatch (C:\Users\91809\Desktop\FundooNotes\node_modules\@babel\runtime\helpers\regeneratorRuntime.js:86:17)
    at Generator._invoke (C:\Users\91809\Desktop\FundooNotes\node_modules\@babel\runtime\helpers\regeneratorRuntime.js:66:24)
    at Generator.next (C:\Users\91809\Desktop\FundooNotes\node_modules\@babel\runtime\helpers\regeneratorRuntime.js:117:21)
    at asyncGeneratorStep (C:\Users\91809\Desktop\FundooNotes\node_modules\@babel\runtime\helpers\asyncToGenerator.js:3:24)
    at _next (C:\Users\91809\Desktop\FundooNotes\node_modules\@babel\runtime\helpers\asyncToGenerator.js:25:9)
    at processTicksAndRejections (node:internal/process/task_queues:95:5) 
    url - /api/v1/notes/archive/6296ffbaccd09524b4ae183a 
    method - PUT 
    IP - ::1
   {"timestamp":"2022-06-01T18:56:31.209Z"}
info: Server started at http://localhost:3000/api/v1/ {"timestamp":"2022-06-01T19:02:05.837Z"}
info: Connected to the database. {"timestamp":"2022-06-01T19:02:10.072Z"}
error: 
    status - 500 
    message - TypeError: Cannot set properties of null (setting 'isArchived')
    at _callee6$ (C:\Users\91809\Desktop\FundooNotes\src\services\/note.service.js:39:5)
    at tryCatch (C:\Users\91809\Desktop\FundooNotes\node_modules\@babel\runtime\helpers\regeneratorRuntime.js:86:17)
    at Generator._invoke (C:\Users\91809\Desktop\FundooNotes\node_modules\@babel\runtime\helpers\regeneratorRuntime.js:66:24)
    at Generator.next (C:\Users\91809\Desktop\FundooNotes\node_modules\@babel\runtime\helpers\regeneratorRuntime.js:117:21)
    at asyncGeneratorStep (C:\Users\91809\Desktop\FundooNotes\node_modules\@babel\runtime\helpers\asyncToGenerator.js:3:24)
    at _next (C:\Users\91809\Desktop\FundooNotes\node_modules\@babel\runtime\helpers\asyncToGenerator.js:25:9)
    at processTicksAndRejections (node:internal/process/task_queues:95:5) 
    url - /api/v1/notes/archive/6296ffbaccd09524b4ae183a 
    method - PUT 
    IP - ::1
   {"timestamp":"2022-06-01T19:02:21.740Z"}
error: 
    status - 500 
    message - TypeError: Cannot read properties of null (reading 'isDeleted')
    at _callee7$ (C:\Users\91809\Desktop\FundooNotes\src\services\/note.service.js:52:32)
    at tryCatch (C:\Users\91809\Desktop\FundooNotes\node_modules\@babel\runtime\helpers\regeneratorRuntime.js:86:17)
    at Generator._invoke (C:\Users\91809\Desktop\FundooNotes\node_modules\@babel\runtime\helpers\regeneratorRuntime.js:66:24)
    at Generator.next (C:\Users\91809\Desktop\FundooNotes\node_modules\@babel\runtime\helpers\regeneratorRuntime.js:117:21)
    at asyncGeneratorStep (C:\Users\91809\Desktop\FundooNotes\node_modules\@babel\runtime\helpers\asyncToGenerator.js:3:24)
    at _next (C:\Users\91809\Desktop\FundooNotes\node_modules\@babel\runtime\helpers\asyncToGenerator.js:25:9)
    at processTicksAndRejections (node:internal/process/task_queues:95:5) 
    url - /api/v1/notes/inTrash/6296ffbaccd09524b4ae183a 
    method - PUT 
    IP - ::1
   {"timestamp":"2022-06-01T19:02:39.888Z"}
info: Server started at http://localhost:3000/api/v1/ {"timestamp":"2022-06-01T19:11:22.013Z"}
info: Connected to the database. {"timestamp":"2022-06-01T19:11:25.710Z"}
error: 
    status - 500 
    message - TypeError: Cannot read properties of null (reading 'isDeleted')
    at _callee7$ (C:\Users\91809\Desktop\FundooNotes\src\services\/note.service.js:65:32)
    at tryCatch (C:\Users\91809\Desktop\FundooNotes\node_modules\@babel\runtime\helpers\regeneratorRuntime.js:86:17)
    at Generator._invoke (C:\Users\91809\Desktop\FundooNotes\node_modules\@babel\runtime\helpers\regeneratorRuntime.js:66:24)
    at Generator.next (C:\Users\91809\Desktop\FundooNotes\node_modules\@babel\runtime\helpers\regeneratorRuntime.js:117:21)
    at asyncGeneratorStep (C:\Users\91809\Desktop\FundooNotes\node_modules\@babel\runtime\helpers\asyncToGenerator.js:3:24)
    at _next (C:\Users\91809\Desktop\FundooNotes\node_modules\@babel\runtime\helpers\asyncToGenerator.js:25:9)
    at processTicksAndRejections (node:internal/process/task_queues:95:5) 
    url - /api/v1/notes/inTrash/6296ffbaccd09524b4ae183a 
    method - PUT 
    IP - ::1
   {"timestamp":"2022-06-01T19:11:33.714Z"}
info: Server started at http://localhost:3000/api/v1/ {"timestamp":"2022-06-01T19:13:16.151Z"}
info: Connected to the database. {"timestamp":"2022-06-01T19:13:19.291Z"}
info: Server started at http://localhost:3000/api/v1/ {"timestamp":"2022-06-01T19:15:31.739Z"}
info: Connected to the database. {"timestamp":"2022-06-01T19:15:35.215Z"}
error: 
    status - 500 
    message - TypeError: Cannot read properties of null (reading 'isDeleted')
    at _callee7$ (C:\Users\91809\Desktop\FundooNotes\src\services\/note.service.js:45:32)
    at tryCatch (C:\Users\91809\Desktop\FundooNotes\node_modules\@babel\runtime\helpers\regeneratorRuntime.js:86:17)
    at Generator._invoke (C:\Users\91809\Desktop\FundooNotes\node_modules\@babel\runtime\helpers\regeneratorRuntime.js:66:24)
    at Generator.next (C:\Users\91809\Desktop\FundooNotes\node_modules\@babel\runtime\helpers\regeneratorRuntime.js:117:21)
    at asyncGeneratorStep (C:\Users\91809\Desktop\FundooNotes\node_modules\@babel\runtime\helpers\asyncToGenerator.js:3:24)
    at _next (C:\Users\91809\Desktop\FundooNotes\node_modules\@babel\runtime\helpers\asyncToGenerator.js:25:9)
    at processTicksAndRejections (node:internal/process/task_queues:95:5) 
    url - /api/v1/notes/inTrash/6296ffbaccd09524b4ae183a 
    method - PUT 
    IP - ::1
   {"timestamp":"2022-06-01T19:15:44.942Z"}
error: 
    status - 500 
    message - TypeError: Cannot read properties of null (reading 'isDeleted')
    at _callee7$ (C:\Users\91809\Desktop\FundooNotes\src\services\/note.service.js:45:32)
    at tryCatch (C:\Users\91809\Desktop\FundooNotes\node_modules\@babel\runtime\helpers\regeneratorRuntime.js:86:17)
    at Generator._invoke (C:\Users\91809\Desktop\FundooNotes\node_modules\@babel\runtime\helpers\regeneratorRuntime.js:66:24)
    at Generator.next (C:\Users\91809\Desktop\FundooNotes\node_modules\@babel\runtime\helpers\regeneratorRuntime.js:117:21)
    at asyncGeneratorStep (C:\Users\91809\Desktop\FundooNotes\node_modules\@babel\runtime\helpers\asyncToGenerator.js:3:24)
    at _next (C:\Users\91809\Desktop\FundooNotes\node_modules\@babel\runtime\helpers\asyncToGenerator.js:25:9)
    at processTicksAndRejections (node:internal/process/task_queues:95:5) 
    url - /api/v1/notes/inTrash/6296ffbaccd09524b4ae183a 
    method - PUT 
    IP - ::1
   {"timestamp":"2022-06-01T19:15:50.575Z"}
error: 
    status - 500 
    message - TypeError: Cannot read properties of null (reading 'isArchived')
    at _callee6$ (C:\Users\91809\Desktop\FundooNotes\src\services\/note.service.js:38:32)
    at tryCatch (C:\Users\91809\Desktop\FundooNotes\node_modules\@babel\runtime\helpers\regeneratorRuntime.js:86:17)
    at Generator._invoke (C:\Users\91809\Desktop\FundooNotes\node_modules\@babel\runtime\helpers\regeneratorRuntime.js:66:24)
    at Generator.next (C:\Users\91809\Desktop\FundooNotes\node_modules\@babel\runtime\helpers\regeneratorRuntime.js:117:21)
    at asyncGeneratorStep (C:\Users\91809\Desktop\FundooNotes\node_modules\@babel\runtime\helpers\asyncToGenerator.js:3:24)
    at _next (C:\Users\91809\Desktop\FundooNotes\node_modules\@babel\runtime\helpers\asyncToGenerator.js:25:9)
    at processTicksAndRejections (node:internal/process/task_queues:95:5) 
    url - /api/v1/notes/archive/6296ffbaccd09524b4ae183a 
    method - PUT 
    IP - ::1
   {"timestamp":"2022-06-01T19:16:59.382Z"}
error: 
    status - 500 
    message - TypeError: Cannot read properties of null (reading 'isArchived')
    at _callee6$ (C:\Users\91809\Desktop\FundooNotes\src\services\/note.service.js:38:32)
    at tryCatch (C:\Users\91809\Desktop\FundooNotes\node_modules\@babel\runtime\helpers\regeneratorRuntime.js:86:17)
    at Generator._invoke (C:\Users\91809\Desktop\FundooNotes\node_modules\@babel\runtime\helpers\regeneratorRuntime.js:66:24)
    at Generator.next (C:\Users\91809\Desktop\FundooNotes\node_modules\@babel\runtime\helpers\regeneratorRuntime.js:117:21)
    at asyncGeneratorStep (C:\Users\91809\Desktop\FundooNotes\node_modules\@babel\runtime\helpers\asyncToGenerator.js:3:24)
    at _next (C:\Users\91809\Desktop\FundooNotes\node_modules\@babel\runtime\helpers\asyncToGenerator.js:25:9)
    at processTicksAndRejections (node:internal/process/task_queues:95:5) 
    url - /api/v1/notes/archive/6296ffbaccd09524b4ae183a 
    method - PUT 
    IP - ::1
   {"timestamp":"2022-06-01T19:19:05.369Z"}
info: Server started at http://localhost:3000/api/v1/ {"timestamp":"2022-06-01T19:22:19.727Z"}
info: Connected to the database. {"timestamp":"2022-06-01T19:22:23.110Z"}
error: 
    status - 500 
    message - TypeError: Cannot read properties of null (reading 'isArchived')
    at _callee6$ (C:\Users\91809\Desktop\FundooNotes\src\services\/note.service.js:38:32)
    at tryCatch (C:\Users\91809\Desktop\FundooNotes\node_modules\@babel\runtime\helpers\regeneratorRuntime.js:86:17)
    at Generator._invoke (C:\Users\91809\Desktop\FundooNotes\node_modules\@babel\runtime\helpers\regeneratorRuntime.js:66:24)
    at Generator.next (C:\Users\91809\Desktop\FundooNotes\node_modules\@babel\runtime\helpers\regeneratorRuntime.js:117:21)
    at asyncGeneratorStep (C:\Users\91809\Desktop\FundooNotes\node_modules\@babel\runtime\helpers\asyncToGenerator.js:3:24)
    at _next (C:\Users\91809\Desktop\FundooNotes\node_modules\@babel\runtime\helpers\asyncToGenerator.js:25:9)
    at processTicksAndRejections (node:internal/process/task_queues:95:5) 
    url - /api/v1/notes/isArchived/6296ffbaccd09524b4ae183a 
    method - PUT 
    IP - ::1
   {"timestamp":"2022-06-01T19:24:50.742Z"}
info: Server started at http://localhost:3000/api/v1/ {"timestamp":"2022-06-01T19:27:55.493Z"}
info: Connected to the database. {"timestamp":"2022-06-01T19:27:59.784Z"}
error: 
    status - 500 
    message - ReferenceError: data is not defined
    at _callee6$ (C:\Users\91809\Desktop\FundooNotes\src\services\/note.service.js:38:11)
    at tryCatch (C:\Users\91809\Desktop\FundooNotes\node_modules\@babel\runtime\helpers\regeneratorRuntime.js:86:17)
    at Generator._invoke (C:\Users\91809\Desktop\FundooNotes\node_modules\@babel\runtime\helpers\regeneratorRuntime.js:66:24)
    at Generator.next (C:\Users\91809\Desktop\FundooNotes\node_modules\@babel\runtime\helpers\regeneratorRuntime.js:117:21)
    at asyncGeneratorStep (C:\Users\91809\Desktop\FundooNotes\node_modules\@babel\runtime\helpers\asyncToGenerator.js:3:24)
    at _next (C:\Users\91809\Desktop\FundooNotes\node_modules\@babel\runtime\helpers\asyncToGenerator.js:25:9)
    at processTicksAndRejections (node:internal/process/task_queues:95:5) 
    url - /api/v1/notes/archive/6296ffbaccd09524b4ae183a 
    method - PUT 
    IP - ::1
   {"timestamp":"2022-06-01T19:28:16.025Z"}
info: Server started at http://localhost:3000/api/v1/ {"timestamp":"2022-06-01T19:29:07.812Z"}
info: Connected to the database. {"timestamp":"2022-06-01T19:29:10.777Z"}
error: 
    status - 500 
    message - TypeError: Cannot read properties of null (reading 'isArchived')
    at _callee6$ (C:\Users\91809\Desktop\FundooNotes\src\services\/note.service.js:38:32)
    at tryCatch (C:\Users\91809\Desktop\FundooNotes\node_modules\@babel\runtime\helpers\regeneratorRuntime.js:86:17)
    at Generator._invoke (C:\Users\91809\Desktop\FundooNotes\node_modules\@babel\runtime\helpers\regeneratorRuntime.js:66:24)
    at Generator.next (C:\Users\91809\Desktop\FundooNotes\node_modules\@babel\runtime\helpers\regeneratorRuntime.js:117:21)
    at asyncGeneratorStep (C:\Users\91809\Desktop\FundooNotes\node_modules\@babel\runtime\helpers\asyncToGenerator.js:3:24)
    at _next (C:\Users\91809\Desktop\FundooNotes\node_modules\@babel\runtime\helpers\asyncToGenerator.js:25:9)
    at processTicksAndRejections (node:internal/process/task_queues:95:5) 
    url - /api/v1/notes/archive/6296ffbaccd09524b4ae183a 
    method - PUT 
    IP - ::1
   {"timestamp":"2022-06-01T19:29:26.469Z"}
info: Server started at http://localhost:3000/api/v1/ {"timestamp":"2022-06-01T19:36:30.270Z"}
info: Connected to the database. {"timestamp":"2022-06-01T19:36:33.864Z"}
info: Server started at http://localhost:3000/api/v1/ {"timestamp":"2022-06-02T01:58:09.602Z"}
info: Connected to the database. {"timestamp":"2022-06-02T01:58:18.039Z"}
error: 
    status - 500 
    message - ReferenceError: isArchived is not defined
    at _callee6$ (C:\Users\91809\Desktop\FundooNotes\src\services\/note.service.js:39:73)
    at tryCatch (C:\Users\91809\Desktop\FundooNotes\node_modules\@babel\runtime\helpers\regeneratorRuntime.js:86:17)
    at Generator._invoke (C:\Users\91809\Desktop\FundooNotes\node_modules\@babel\runtime\helpers\regeneratorRuntime.js:66:24)
    at Generator.next (C:\Users\91809\Desktop\FundooNotes\node_modules\@babel\runtime\helpers\regeneratorRuntime.js:117:21)
    at asyncGeneratorStep (C:\Users\91809\Desktop\FundooNotes\node_modules\@babel\runtime\helpers\asyncToGenerator.js:3:24)
    at _next (C:\Users\91809\Desktop\FundooNotes\node_modules\@babel\runtime\helpers\asyncToGenerator.js:25:9)
    at processTicksAndRejections (node:internal/process/task_queues:95:5) 
    url - /api/v1/notes/archive/62981a2c6aec4f15143156ab 
    method - PUT 
    IP - ::1
   {"timestamp":"2022-06-02T02:03:17.202Z"}
info: Server started at http://localhost:3000/api/v1/ {"timestamp":"2022-06-02T02:07:51.320Z"}
info: Connected to the database. {"timestamp":"2022-06-02T02:07:55.986Z"}
info: Server started at http://localhost:3000/api/v1/ {"timestamp":"2022-06-02T02:20:09.895Z"}
info: Connected to the database. {"timestamp":"2022-06-02T02:20:13.010Z"}
info: Server started at http://localhost:3000/api/v1/ {"timestamp":"2022-06-02T02:32:52.382Z"}
info: Connected to the database. {"timestamp":"2022-06-02T02:32:56.940Z"}
info: Server started at http://localhost:3000/api/v1/ {"timestamp":"2022-06-02T02:42:17.675Z"}
info: Connected to the database. {"timestamp":"2022-06-02T02:42:21.390Z"}
error: 
    status - 500 
    message - TypeError: Cannot read properties of null (reading 'isArchived')
    at _callee6$ (C:\Users\91809\Desktop\FundooNotes\src\services\/note.service.js:38:23)
    at tryCatch (C:\Users\91809\Desktop\FundooNotes\node_modules\@babel\runtime\helpers\regeneratorRuntime.js:86:17)
    at Generator._invoke (C:\Users\91809\Desktop\FundooNotes\node_modules\@babel\runtime\helpers\regeneratorRuntime.js:66:24)
    at Generator.next (C:\Users\91809\Desktop\FundooNotes\node_modules\@babel\runtime\helpers\regeneratorRuntime.js:117:21)
    at asyncGeneratorStep (C:\Users\91809\Desktop\FundooNotes\node_modules\@babel\runtime\helpers\asyncToGenerator.js:3:24)
    at _next (C:\Users\91809\Desktop\FundooNotes\node_modules\@babel\runtime\helpers\asyncToGenerator.js:25:9)
    at processTicksAndRejections (node:internal/process/task_queues:95:5) 
    url - /api/v1/notes/archive/62981a2c6aec4f15143156ab 
    method - PUT 
    IP - ::1
   {"timestamp":"2022-06-02T02:42:39.447Z"}
info: Server started at http://localhost:3000/api/v1/ {"timestamp":"2022-06-02T02:47:37.949Z"}
info: Connected to the database. {"timestamp":"2022-06-02T02:47:42.681Z"}
info: Server started at http://localhost:3000/api/v1/ {"timestamp":"2022-06-02T02:55:49.564Z"}
info: Connected to the database. {"timestamp":"2022-06-02T02:55:54.590Z"}
info: Server started at http://localhost:3000/api/v1/ {"timestamp":"2022-06-02T03:00:35.827Z"}
info: Connected to the database. {"timestamp":"2022-06-02T03:00:39.908Z"}
info: Server started at http://localhost:3000/api/v1/ {"timestamp":"2022-06-02T03:47:02.714Z"}
info: Connected to the database. {"timestamp":"2022-06-02T03:47:06.220Z"}
info: Server started at http://localhost:3000/api/v1/ {"timestamp":"2022-06-02T14:40:38.171Z"}
info: Connected to the database. {"timestamp":"2022-06-02T14:40:41.864Z"}
error: 
    status - 500 
    message - ValidationError: "lastName" is required 
    url - /api/v1/users 
    method - POST 
    IP - ::1
   {"timestamp":"2022-06-02T14:43:53.569Z"}
info: Server started at http://localhost:3000/api/v1/ {"timestamp":"2022-06-02T14:48:01.711Z"}
info: Server started at http://localhost:3000/api/v1/ {"timestamp":"2022-06-02T14:48:21.811Z"}
info: Connected to the database. {"timestamp":"2022-06-02T14:48:25.535Z"}
info: Server started at http://localhost:3000/api/v1/ {"timestamp":"2022-06-02T14:49:40.374Z"}
info: Connected to the database. {"timestamp":"2022-06-02T14:49:44.076Z"}
info: Server started at http://localhost:3000/api/v1/ {"timestamp":"2022-06-02T14:58:00.610Z"}
info: Connected to the database. {"timestamp":"2022-06-02T14:58:04.162Z"}
error: 
    status - 500 
    message - Error: User doesnt exist
    at _callee3$ (C:\Users\91809\Desktop\FundooNotes\src\services\/user.service.js:46:11)
    at tryCatch (C:\Users\91809\Desktop\FundooNotes\node_modules\@babel\runtime\helpers\regeneratorRuntime.js:86:17)
    at Generator._invoke (C:\Users\91809\Desktop\FundooNotes\node_modules\@babel\runtime\helpers\regeneratorRuntime.js:66:24)
    at Generator.next (C:\Users\91809\Desktop\FundooNotes\node_modules\@babel\runtime\helpers\regeneratorRuntime.js:117:21)
    at asyncGeneratorStep (C:\Users\91809\Desktop\FundooNotes\node_modules\@babel\runtime\helpers\asyncToGenerator.js:3:24)
    at _next (C:\Users\91809\Desktop\FundooNotes\node_modules\@babel\runtime\helpers\asyncToGenerator.js:25:9)
    at processTicksAndRejections (node:internal/process/task_queues:95:5) 
    url - /api/v1/users/forgotPassword/6298ccb5a300fa3a587f9781 
    method - POST 
    IP - ::1
   {"timestamp":"2022-06-02T14:59:46.227Z"}
info: Server started at http://localhost:3000/api/v1/ {"timestamp":"2022-06-02T15:01:40.005Z"}
info: Connected to the database. {"timestamp":"2022-06-02T15:01:43.740Z"}
info: Server started at http://localhost:3000/api/v1/ {"timestamp":"2022-06-02T15:03:26.817Z"}
info: Connected to the database. {"timestamp":"2022-06-02T15:03:30.338Z"}
info: Server started at http://localhost:3000/api/v1/ {"timestamp":"2022-06-02T17:08:18.316Z"}
info: Connected to the database. {"timestamp":"2022-06-02T17:08:21.862Z"}
error: 
    status - 500 
    message - ReferenceError: sendMail is not defined
    at _callee3$ (C:\Users\91809\Desktop\FundooNotes\src\services\/user.service.js:52:7)
    at tryCatch (C:\Users\91809\Desktop\FundooNotes\node_modules\@babel\runtime\helpers\regeneratorRuntime.js:86:17)
    at Generator._invoke (C:\Users\91809\Desktop\FundooNotes\node_modules\@babel\runtime\helpers\regeneratorRuntime.js:66:24)
    at Generator.next (C:\Users\91809\Desktop\FundooNotes\node_modules\@babel\runtime\helpers\regeneratorRuntime.js:117:21)
    at asyncGeneratorStep (C:\Users\91809\Desktop\FundooNotes\node_modules\@babel\runtime\helpers\asyncToGenerator.js:3:24)
    at _next (C:\Users\91809\Desktop\FundooNotes\node_modules\@babel\runtime\helpers\asyncToGenerator.js:25:9)
    at processTicksAndRejections (node:internal/process/task_queues:95:5) 
    url - /api/v1/users/forgotPassword/6298ccb5a300fa3a587f9781 
    method - POST 
    IP - ::1
   {"timestamp":"2022-06-02T17:08:48.835Z"}
info: Server started at http://localhost:3000/api/v1/ {"timestamp":"2022-06-02T17:11:53.682Z"}
info: Connected to the database. {"timestamp":"2022-06-02T17:11:57.399Z"}
error: 
    status - 500 
    message - ReferenceError: processs is not defined
    at Object.sendMail (C:\Users\91809\Desktop\FundooNotes\src\utils\/helper.js:10:23)
    at _callee3$ (C:\Users\91809\Desktop\FundooNotes\src\services\/user.service.js:52:14)
    at tryCatch (C:\Users\91809\Desktop\FundooNotes\node_modules\@babel\runtime\helpers\regeneratorRuntime.js:86:17)
    at Generator._invoke (C:\Users\91809\Desktop\FundooNotes\node_modules\@babel\runtime\helpers\regeneratorRuntime.js:66:24)
    at Generator.next (C:\Users\91809\Desktop\FundooNotes\node_modules\@babel\runtime\helpers\regeneratorRuntime.js:117:21)
    at asyncGeneratorStep (C:\Users\91809\Desktop\FundooNotes\node_modules\@babel\runtime\helpers\asyncToGenerator.js:3:24)
    at _next (C:\Users\91809\Desktop\FundooNotes\node_modules\@babel\runtime\helpers\asyncToGenerator.js:25:9)
    at processTicksAndRejections (node:internal/process/task_queues:95:5) 
    url - /api/v1/users/forgotPassword/6298ccb5a300fa3a587f9781 
    method - POST 
    IP - ::1
   {"timestamp":"2022-06-02T17:12:11.440Z"}
info: Server started at http://localhost:3000/api/v1/ {"timestamp":"2022-06-02T17:15:53.222Z"}
info: Connected to the database. {"timestamp":"2022-06-02T17:15:56.118Z"}
error: 
    status - 500 
    message - ReferenceError: processs is not defined
    at Object.sendMail (C:\Users\91809\Desktop\FundooNotes\src\utils\/helper.js:10:23)
    at _callee3$ (C:\Users\91809\Desktop\FundooNotes\src\services\/user.service.js:52:14)
    at tryCatch (C:\Users\91809\Desktop\FundooNotes\node_modules\@babel\runtime\helpers\regeneratorRuntime.js:86:17)
    at Generator._invoke (C:\Users\91809\Desktop\FundooNotes\node_modules\@babel\runtime\helpers\regeneratorRuntime.js:66:24)
    at Generator.next (C:\Users\91809\Desktop\FundooNotes\node_modules\@babel\runtime\helpers\regeneratorRuntime.js:117:21)
    at asyncGeneratorStep (C:\Users\91809\Desktop\FundooNotes\node_modules\@babel\runtime\helpers\asyncToGenerator.js:3:24)
    at _next (C:\Users\91809\Desktop\FundooNotes\node_modules\@babel\runtime\helpers\asyncToGenerator.js:25:9)
    at processTicksAndRejections (node:internal/process/task_queues:95:5) 
    url - /api/v1/users/forgotPassword/6298ccb5a300fa3a587f9781 
    method - POST 
    IP - ::1
   {"timestamp":"2022-06-02T17:16:23.354Z"}
info: Server started at http://localhost:3000/api/v1/ {"timestamp":"2022-06-02T17:23:06.646Z"}
info: Connected to the database. {"timestamp":"2022-06-02T17:23:09.849Z"}
info: Server started at http://localhost:3000/api/v1/ {"timestamp":"2022-06-02T17:24:47.423Z"}
info: Connected to the database. {"timestamp":"2022-06-02T17:24:50.290Z"}
error: 
    status - 500 
    message - ReferenceError: userMailID is not defined
    at _callee3$ (C:\Users\91809\Desktop\FundooNotes\src\services\/user.service.js:52:23)
    at tryCatch (C:\Users\91809\Desktop\FundooNotes\node_modules\@babel\runtime\helpers\regeneratorRuntime.js:86:17)
    at Generator._invoke (C:\Users\91809\Desktop\FundooNotes\node_modules\@babel\runtime\helpers\regeneratorRuntime.js:66:24)
    at Generator.next (C:\Users\91809\Desktop\FundooNotes\node_modules\@babel\runtime\helpers\regeneratorRuntime.js:117:21)
    at asyncGeneratorStep (C:\Users\91809\Desktop\FundooNotes\node_modules\@babel\runtime\helpers\asyncToGenerator.js:3:24)
    at _next (C:\Users\91809\Desktop\FundooNotes\node_modules\@babel\runtime\helpers\asyncToGenerator.js:25:9)
    at processTicksAndRejections (node:internal/process/task_queues:95:5) 
    url - /api/v1/users/forgotPassword/6298ccb5a300fa3a587f9781 
    method - POST 
    IP - ::1
   {"timestamp":"2022-06-02T17:25:06.673Z"}
info: Server started at http://localhost:3000/api/v1/ {"timestamp":"2022-06-02T17:27:14.713Z"}
info: Connected to the database. {"timestamp":"2022-06-02T17:27:18.069Z"}
error: 
    status - 500 
    message - ReferenceError: processs is not defined
    at Object.sendMail (C:\Users\91809\Desktop\FundooNotes\src\utils\/helper.js:10:23)
    at _callee3$ (C:\Users\91809\Desktop\FundooNotes\src\services\/user.service.js:53:14)
    at tryCatch (C:\Users\91809\Desktop\FundooNotes\node_modules\@babel\runtime\helpers\regeneratorRuntime.js:86:17)
    at Generator._invoke (C:\Users\91809\Desktop\FundooNotes\node_modules\@babel\runtime\helpers\regeneratorRuntime.js:66:24)
    at Generator.next (C:\Users\91809\Desktop\FundooNotes\node_modules\@babel\runtime\helpers\regeneratorRuntime.js:117:21)
    at asyncGeneratorStep (C:\Users\91809\Desktop\FundooNotes\node_modules\@babel\runtime\helpers\asyncToGenerator.js:3:24)
    at _next (C:\Users\91809\Desktop\FundooNotes\node_modules\@babel\runtime\helpers\asyncToGenerator.js:25:9)
    at processTicksAndRejections (node:internal/process/task_queues:95:5) 
    url - /api/v1/users/forgotPassword/6298ccb5a300fa3a587f9781 
    method - POST 
    IP - ::1
   {"timestamp":"2022-06-02T17:27:27.505Z"}
info: Server started at http://localhost:3000/api/v1/ {"timestamp":"2022-06-02T17:29:16.837Z"}
info: Connected to the database. {"timestamp":"2022-06-02T17:29:20.069Z"}
error: 
    status - 500 
    message - ReferenceError: processs is not defined
    at Object.sendMail (C:\Users\91809\Desktop\FundooNotes\src\utils\/helper.js:10:23)
    at _callee3$ (C:\Users\91809\Desktop\FundooNotes\src\services\/user.service.js:52:14)
    at tryCatch (C:\Users\91809\Desktop\FundooNotes\node_modules\@babel\runtime\helpers\regeneratorRuntime.js:86:17)
    at Generator._invoke (C:\Users\91809\Desktop\FundooNotes\node_modules\@babel\runtime\helpers\regeneratorRuntime.js:66:24)
    at Generator.next (C:\Users\91809\Desktop\FundooNotes\node_modules\@babel\runtime\helpers\regeneratorRuntime.js:117:21)
    at asyncGeneratorStep (C:\Users\91809\Desktop\FundooNotes\node_modules\@babel\runtime\helpers\asyncToGenerator.js:3:24)
    at _next (C:\Users\91809\Desktop\FundooNotes\node_modules\@babel\runtime\helpers\asyncToGenerator.js:25:9)
    at processTicksAndRejections (node:internal/process/task_queues:95:5) 
    url - /api/v1/users/forgotPassword/6298ccb5a300fa3a587f9781 
    method - POST 
    IP - ::1
   {"timestamp":"2022-06-02T17:30:03.893Z"}
error: 
    status - 500 
    message - ReferenceError: processs is not defined
    at Object.sendMail (C:\Users\91809\Desktop\FundooNotes\src\utils\/helper.js:10:23)
    at _callee3$ (C:\Users\91809\Desktop\FundooNotes\src\services\/user.service.js:52:14)
    at tryCatch (C:\Users\91809\Desktop\FundooNotes\node_modules\@babel\runtime\helpers\regeneratorRuntime.js:86:17)
    at Generator._invoke (C:\Users\91809\Desktop\FundooNotes\node_modules\@babel\runtime\helpers\regeneratorRuntime.js:66:24)
    at Generator.next (C:\Users\91809\Desktop\FundooNotes\node_modules\@babel\runtime\helpers\regeneratorRuntime.js:117:21)
    at asyncGeneratorStep (C:\Users\91809\Desktop\FundooNotes\node_modules\@babel\runtime\helpers\asyncToGenerator.js:3:24)
    at _next (C:\Users\91809\Desktop\FundooNotes\node_modules\@babel\runtime\helpers\asyncToGenerator.js:25:9)
    at processTicksAndRejections (node:internal/process/task_queues:95:5) 
    url - /api/v1/users/forgotPassword/6298ccb5a300fa3a587f9781 
    method - POST 
    IP - ::1
   {"timestamp":"2022-06-02T17:31:31.428Z"}
info: Server started at http://localhost:3000/api/v1/ {"timestamp":"2022-06-02T17:32:10.087Z"}
info: Connected to the database. {"timestamp":"2022-06-02T17:32:13.457Z"}
error: 
    status - 500 
    message - TypeError: transport.sendEmail is not a function
    at Object.sendMail (C:\Users\91809\Desktop\FundooNotes\src\utils\/helper.js:22:13)
    at _callee3$ (C:\Users\91809\Desktop\FundooNotes\src\services\/user.service.js:52:14)
    at tryCatch (C:\Users\91809\Desktop\FundooNotes\node_modules\@babel\runtime\helpers\regeneratorRuntime.js:86:17)
    at Generator._invoke (C:\Users\91809\Desktop\FundooNotes\node_modules\@babel\runtime\helpers\regeneratorRuntime.js:66:24)
    at Generator.next (C:\Users\91809\Desktop\FundooNotes\node_modules\@babel\runtime\helpers\regeneratorRuntime.js:117:21)
    at asyncGeneratorStep (C:\Users\91809\Desktop\FundooNotes\node_modules\@babel\runtime\helpers\asyncToGenerator.js:3:24)
    at _next (C:\Users\91809\Desktop\FundooNotes\node_modules\@babel\runtime\helpers\asyncToGenerator.js:25:9)
    at processTicksAndRejections (node:internal/process/task_queues:95:5) 
    url - /api/v1/users/forgotPassword/6298ccb5a300fa3a587f9781 
    method - POST 
    IP - ::1
   {"timestamp":"2022-06-02T17:32:54.684Z"}
info: Server started at http://localhost:3000/api/v1/ {"timestamp":"2022-06-02T17:33:43.438Z"}
info: Connected to the database. {"timestamp":"2022-06-02T17:33:47.143Z"}
error: Invalid login: 535-5.7.8 Username and Password not accepted. Learn more at
535 5.7.8  https://support.google.com/mail/?p=BadCredentials z18-20020aa791d2000000b0051b2fb1aaa5sm3939887pfa.149 - gsmtp {"code":"EAUTH","command":"AUTH PLAIN","response":"535-5.7.8 Username and Password not accepted. Learn more at\n535 5.7.8  https://support.google.com/mail/?p=BadCredentials z18-20020aa791d2000000b0051b2fb1aaa5sm3939887pfa.149 - gsmtp","responseCode":535,"timestamp":"2022-06-02T17:33:53.495Z"}
error: Invalid login: 535-5.7.8 Username and Password not accepted. Learn more at
535 5.7.8  https://support.google.com/mail/?p=BadCredentials f11-20020aa782cb000000b0050dc7628134sm3919382pfn.14 - gsmtp {"code":"EAUTH","command":"AUTH PLAIN","response":"535-5.7.8 Username and Password not accepted. Learn more at\n535 5.7.8  https://support.google.com/mail/?p=BadCredentials f11-20020aa782cb000000b0050dc7628134sm3919382pfn.14 - gsmtp","responseCode":535,"timestamp":"2022-06-02T17:47:39.614Z"}
