error: 
    status - 500 
    message - SyntaxError: Unexpected end of JSON input
    at JSON.parse (<anonymous>)
    at parse (C:\Users\91809\Desktop\FundooNotes\node_modules\body-parser\lib\types\json.js:89:19)
    at C:\Users\91809\Desktop\FundooNotes\node_modules\body-parser\lib\read.js:128:18
    at AsyncResource.runInAsyncScope (node:async_hooks:202:9)
    at invokeCallback (C:\Users\91809\Desktop\FundooNotes\node_modules\raw-body\index.js:231:16)
    at done (C:\Users\91809\Desktop\FundooNotes\node_modules\raw-body\index.js:220:7)
    at IncomingMessage.onEnd (C:\Users\91809\Desktop\FundooNotes\node_modules\raw-body\index.js:280:7)
    at IncomingMessage.emit (node:events:527:28)
    at IncomingMessage.emit (node:domain:475:12)
    at endReadableNT (node:internal/streams/readable:1344:12)
    at processTicksAndRejections (node:internal/process/task_queues:82:21) 
    url - /api/v1/users/login 
    method - POST 
    IP - ::1
   {"timestamp":"2022-05-30T18:30:11.990Z"}
info: Server started at http://localhost:3000/api/v1/ {"timestamp":"2022-05-30T18:36:07.923Z"}
info: Connected to the database. {"timestamp":"2022-05-30T18:36:10.944Z"}
info: Server started at http://localhost:3000/api/v1/ {"timestamp":"2022-05-30T18:37:27.282Z"}
info: Connected to the database. {"timestamp":"2022-05-30T18:37:30.602Z"}
info: Server started at http://localhost:3000/api/v1/ {"timestamp":"2022-05-30T18:44:04.193Z"}
info: Connected to the database. {"timestamp":"2022-05-30T18:44:07.068Z"}
info: Server started at http://localhost:3000/api/v1/ {"timestamp":"2022-05-30T18:47:33.085Z"}
info: Connected to the database. {"timestamp":"2022-05-30T18:47:35.968Z"}
info: Server started at http://localhost:3000/api/v1/ {"timestamp":"2022-05-30T18:48:55.433Z"}
info: Connected to the database. {"timestamp":"2022-05-30T18:48:58.483Z"}
info: Server started at http://localhost:3000/api/v1/ {"timestamp":"2022-05-30T18:52:10.911Z"}
info: Connected to the database. {"timestamp":"2022-05-30T18:52:14.571Z"}
info: Server started at http://localhost:3000/api/v1/ {"timestamp":"2022-05-30T18:55:58.469Z"}
info: Connected to the database. {"timestamp":"2022-05-30T18:56:03.334Z"}
info: Server started at http://localhost:3000/api/v1/ {"timestamp":"2022-05-30T18:56:33.641Z"}
info: Connected to the database. {"timestamp":"2022-05-30T18:56:36.635Z"}
info: Server started at http://localhost:3000/api/v1/ {"timestamp":"2022-05-30T20:15:52.228Z"}
info: Connected to the database. {"timestamp":"2022-05-30T20:15:55.717Z"}
info: Server started at http://localhost:3000/api/v1/ {"timestamp":"2022-05-31T02:07:38.321Z"}
info: Connected to the database. {"timestamp":"2022-05-31T02:07:42.012Z"}
error: 
    status - 500 
    message - CastError: Cast to ObjectId failed for value "62950d763d0d1d1f4c616c63=" (type string) at path "_id" for model "Note"
    at model.Query.exec (C:\Users\91809\Desktop\FundooNotes\node_modules\mongoose\lib\query.js:4498:21)
    at model.Query.Query.then (C:\Users\91809\Desktop\FundooNotes\node_modules\mongoose\lib\query.js:4592:15)
    at processTicksAndRejections (node:internal/process/task_queues:95:5) 
    url - /api/v1/notes/62950d763d0d1d1f4c616c63= 
    method - GET 
    IP - ::1
   {"timestamp":"2022-05-31T02:08:20.134Z"}
info: Server started at http://localhost:3000/api/v1/ {"timestamp":"2022-05-31T02:25:08.038Z"}
info: Connected to the database. {"timestamp":"2022-05-31T02:25:12.019Z"}
error: 
    status - 500 
    message - ValidationError: "firstName" is required 
    url - /api/v1/users 
    method - POST 
    IP - ::1
   {"timestamp":"2022-05-31T02:26:41.637Z"}
error: 
    status - 500 
    message - ValidationError: "lastName" is required 
    url - /api/v1/users 
    method - POST 
    IP - ::1
   {"timestamp":"2022-05-31T02:28:50.535Z"}
info: Server started at http://localhost:3000/api/v1/ {"timestamp":"2022-05-31T02:47:26.270Z"}
info: Connected to the database. {"timestamp":"2022-05-31T02:47:32.996Z"}
info: Server started at http://localhost:3000/api/v1/ {"timestamp":"2022-05-31T08:00:14.499Z"}
info: Connected to the database. {"timestamp":"2022-05-31T08:00:18.064Z"}
