info: Server started at http://localhost:3000/api/v1/ {"timestamp":"2022-06-05T06:26:33.731Z"}
info: Connected to the database. {"timestamp":"2022-06-05T06:26:38.106Z"}
info: Server started at http://localhost:3000/api/v1/ {"timestamp":"2022-06-05T16:06:04.438Z"}
info: Connected to the database. {"timestamp":"2022-06-05T16:06:08.285Z"}
info: Server started at http://localhost:3000/api/v1/ {"timestamp":"2022-06-05T16:35:57.620Z"}
info: Connected to the database. {"timestamp":"2022-06-05T16:36:01.326Z"}
info: Server started at http://localhost:3000/api/v1/ {"timestamp":"2022-06-05T16:37:29.806Z"}
info: Connected to the database. {"timestamp":"2022-06-05T16:37:33.998Z"}
info: Server started at http://localhost:3000/api/v1/ {"timestamp":"2022-06-05T16:40:16.480Z"}
info: Connected to the database. {"timestamp":"2022-06-05T16:40:20.076Z"}
info: Server started at http://localhost:3000/api/v1/ {"timestamp":"2022-06-05T16:42:58.425Z"}
info: Connected to the database. {"timestamp":"2022-06-05T16:43:01.919Z"}
error: 
    status - 500 
    message - SyntaxError: Unexpected token s in JSON at position 0
    at JSON.parse (<anonymous>)
    at createStrictSyntaxError (C:\Users\91809\Desktop\FundooNotes\node_modules\body-parser\lib\types\json.js:160:10)
    at parse (C:\Users\91809\Desktop\FundooNotes\node_modules\body-parser\lib\types\json.js:83:15)
    at C:\Users\91809\Desktop\FundooNotes\node_modules\body-parser\lib\read.js:128:18
    at AsyncResource.runInAsyncScope (node:async_hooks:202:9)
    at invokeCallback (C:\Users\91809\Desktop\FundooNotes\node_modules\raw-body\index.js:231:16)
    at done (C:\Users\91809\Desktop\FundooNotes\node_modules\raw-body\index.js:220:7)
    at IncomingMessage.onEnd (C:\Users\91809\Desktop\FundooNotes\node_modules\raw-body\index.js:280:7)
    at IncomingMessage.emit (node:events:527:28)
    at IncomingMessage.emit (node:domain:475:12)
    at endReadableNT (node:internal/streams/readable:1344:12)
    at processTicksAndRejections (node:internal/process/task_queues:82:21) 
    url - /api/v1/notes/update/%7BnodeId%7D 
    method - PUT 
    IP - ::1
   {"timestamp":"2022-06-05T17:27:15.976Z"}
error: 
      status - 400
      message - Authorization token is required 
      url - /api/v1/notes/update/%7BnodeId%7D 
      method - PUT 
      IP - ::1
     {"timestamp":"2022-06-05T17:28:46.494Z"}
info: Server started at http://localhost:3000/api/v1/ {"timestamp":"2022-06-05T17:32:07.621Z"}
info: Connected to the database. {"timestamp":"2022-06-05T17:32:12.336Z"}
info: Server started at http://localhost:3000/api/v1/ {"timestamp":"2022-06-05T17:33:34.810Z"}
info: Connected to the database. {"timestamp":"2022-06-05T17:33:38.536Z"}
info: Server started at http://localhost:3000/api/v1/ {"timestamp":"2022-06-05T17:34:46.295Z"}
info: Connected to the database. {"timestamp":"2022-06-05T17:34:50.218Z"}
info: Server started at http://localhost:3000/api/v1/ {"timestamp":"2022-06-05T17:35:15.241Z"}
info: Connected to the database. {"timestamp":"2022-06-05T17:35:18.370Z"}
